# JRE version: OpenJDK Runtime Environment (21.0.8) (build 21.0.8+-14196175-b1038.72)
# Java VM: OpenJDK 64-Bit Server VM (21.0.8+-14196175-b1038.72, mixed mode, tiered, compressed oops, compressed class ptrs, g1 gc, windows-amd64)
GC Precious Log:
 CardTable entry size: 512
 Card Set container configuration: InlinePtr #cards 5 size 8 Array Of Cards #cards 12 size 40 Howl #buckets 4 coarsen threshold 1843 Howl Bitmap #cards 512 size 80 coarsen threshold 460 Card regions per heap region 1 cards per card region 2048
 CPUs: 8 total, 8 available
 Memory: 6086M
 Large Page Support: Disabled
 NUMA Support: Disabled
 Compressed Oops: Enabled (32-bit)
 Heap Region Size: 1M
 Heap Min Capacity: 8M
 Heap Initial Capacity: 96M
 Heap Max Capacity: 2G
 Pre-touch: Disabled
 Parallel Workers: 8
 Concurrent Workers: 2
 Concurrent Refinement Workers: 8
 Periodic GC: Disabled
Heap:
 garbage-first heap   total 171008K, used 106448K [0x0000000080000000, 0x0000000100000000)
  region size 1024K, 3 young (3072K), 2 survivors (2048K)
 Metaspace       used 84349K, committed 86272K, reserved 1179648K
  class space    used 11677K, committed 12608K, reserved 1048576K
GC Heap History (20 events):
Event: 16.895 GC heap before
{Heap before GC invocations=15 (full 0):
 garbage-first heap   total 128000K, used 119422K [0x0000000080000000, 0x0000000100000000)
  region size 1024K, 52 young (53248K), 5 survivors (5120K)
 Metaspace       used 51711K, committed 52992K, reserved 1114112K
  class space    used 7138K, committed 7744K, reserved 1048576K
}
Event: 16.914 GC heap after
{Heap after GC invocations=16 (full 0):
 garbage-first heap   total 129024K, used 70113K [0x0000000080000000, 0x0000000100000000)
  region size 1024K, 7 young (7168K), 7 survivors (7168K)
 Metaspace       used 51711K, committed 52992K, reserved 1114112K
  class space    used 7138K, committed 7744K, reserved 1048576K
}
Event: 18.395 GC heap before
{Heap before GC invocations=17 (full 0):
 garbage-first heap   total 129024K, used 114145K [0x0000000080000000, 0x0000000100000000)
  region size 1024K, 50 young (51200K), 7 survivors (7168K)
 Metaspace       used 57065K, committed 58624K, reserved 1114112K
  class space    used 8056K, committed 8768K, reserved 1048576K
}
Event: 18.407 GC heap after
{Heap after GC invocations=18 (full 0):
 garbage-first heap   total 129024K, used 72720K [0x0000000080000000, 0x0000000100000000)
  region size 1024K, 3 young (3072K), 3 survivors (3072K)
 Metaspace       used 57065K, committed 58624K, reserved 1114112K
  class space    used 8056K, committed 8768K, reserved 1048576K
}
Event: 21.935 GC heap before
{Heap before GC invocations=18 (full 0):
 garbage-first heap   total 129024K, used 126992K [0x0000000080000000, 0x0000000100000000)
  region size 1024K, 39 young (39936K), 3 survivors (3072K)
 Metaspace       used 60207K, committed 61888K, reserved 1114112K
  class space    used 8372K, committed 9152K, reserved 1048576K
}
Event: 21.945 GC heap after
{Heap after GC invocations=19 (full 0):
 garbage-first heap   total 137216K, used 93854K [0x0000000080000000, 0x0000000100000000)
  region size 1024K, 6 young (6144K), 6 survivors (6144K)
 Metaspace       used 60207K, committed 61888K, reserved 1114112K
  class space    used 8372K, committed 9152K, reserved 1048576K
}
Event: 22.321 GC heap before
{Heap before GC invocations=19 (full 0):
 garbage-first heap   total 137216K, used 122526K [0x0000000080000000, 0x0000000100000000)
  region size 1024K, 34 young (34816K), 6 survivors (6144K)
 Metaspace       used 60855K, committed 62464K, reserved 1114112K
  class space    used 8473K, committed 9216K, reserved 1048576K
}
Event: 22.329 GC heap after
{Heap after GC invocations=20 (full 0):
 garbage-first heap   total 137216K, used 95057K [0x0000000080000000, 0x0000000100000000)
  region size 1024K, 1 young (1024K), 1 survivors (1024K)
 Metaspace       used 60855K, committed 62464K, reserved 1114112K
  class space    used 8473K, committed 9216K, reserved 1048576K
}
Event: 23.489 GC heap before
{Heap before GC invocations=21 (full 0):
 garbage-first heap   total 158720K, used 126801K [0x0000000080000000, 0x0000000100000000)
  region size 1024K, 32 young (32768K), 1 survivors (1024K)
 Metaspace       used 65013K, committed 66624K, reserved 1114112K
  class space    used 9087K, committed 9856K, reserved 1048576K
}
Event: 23.495 GC heap after
{Heap after GC invocations=22 (full 0):
 garbage-first heap   total 158720K, used 95780K [0x0000000080000000, 0x0000000100000000)
  region size 1024K, 2 young (2048K), 2 survivors (2048K)
 Metaspace       used 65013K, committed 66624K, reserved 1114112K
  class space    used 9087K, committed 9856K, reserved 1048576K
}
Event: 25.615 GC heap before
{Heap before GC invocations=22 (full 0):
 garbage-first heap   total 158720K, used 145956K [0x0000000080000000, 0x0000000100000000)
  region size 1024K, 52 young (53248K), 2 survivors (2048K)
 Metaspace       used 71119K, committed 72832K, reserved 1114112K
  class space    used 10053K, committed 10880K, reserved 1048576K
}
Event: 25.626 GC heap after
{Heap after GC invocations=23 (full 0):
 garbage-first heap   total 158720K, used 98232K [0x0000000080000000, 0x0000000100000000)
  region size 1024K, 5 young (5120K), 5 survivors (5120K)
 Metaspace       used 71119K, committed 72832K, reserved 1114112K
  class space    used 10053K, committed 10880K, reserved 1048576K
}
Event: 29.759 GC heap before
{Heap before GC invocations=23 (full 0):
 garbage-first heap   total 158720K, used 143288K [0x0000000080000000, 0x0000000100000000)
  region size 1024K, 49 young (50176K), 5 survivors (5120K)
 Metaspace       used 78969K, committed 80768K, reserved 1179648K
  class space    used 11174K, committed 12032K, reserved 1048576K
}
Event: 29.771 GC heap after
{Heap after GC invocations=24 (full 0):
 garbage-first heap   total 158720K, used 102281K [0x0000000080000000, 0x0000000100000000)
  region size 1024K, 7 young (7168K), 7 survivors (7168K)
 Metaspace       used 78969K, committed 80768K, reserved 1179648K
  class space    used 11174K, committed 12032K, reserved 1048576K
}
Event: 44.828 GC heap before
{Heap before GC invocations=25 (full 0):
 garbage-first heap   total 171008K, used 142217K [0x0000000080000000, 0x0000000100000000)
  region size 1024K, 46 young (47104K), 7 survivors (7168K)
 Metaspace       used 83627K, committed 85504K, reserved 1179648K
  class space    used 11649K, committed 12608K, reserved 1048576K
}
Event: 44.870 GC heap after
{Heap after GC invocations=26 (full 0):
 garbage-first heap   total 171008K, used 106193K [0x0000000080000000, 0x0000000100000000)
  region size 1024K, 5 young (5120K), 5 survivors (5120K)
 Metaspace       used 83627K, committed 85504K, reserved 1179648K
  class space    used 11649K, committed 12608K, reserved 1048576K
}
Event: 56.016 GC heap before
{Heap before GC invocations=26 (full 0):
 garbage-first heap   total 171008K, used 155345K [0x0000000080000000, 0x0000000100000000)
  region size 1024K, 53 young (54272K), 5 survivors (5120K)
 Metaspace       used 84278K, committed 86144K, reserved 1179648K
  class space    used 11677K, committed 12608K, reserved 1048576K
}
Event: 56.046 GC heap after
{Heap after GC invocations=27 (full 0):
 garbage-first heap   total 171008K, used 106949K [0x0000000080000000, 0x0000000100000000)
  region size 1024K, 3 young (3072K), 3 survivors (3072K)
 Metaspace       used 84278K, committed 86144K, reserved 1179648K
  class space    used 11677K, committed 12608K, reserved 1048576K
}
Event: 75.284 GC heap before
{Heap before GC invocations=27 (full 0):
 garbage-first heap   total 171008K, used 156101K [0x0000000080000000, 0x0000000100000000)
  region size 1024K, 52 young (53248K), 3 survivors (3072K)
 Metaspace       used 84349K, committed 86272K, reserved 1179648K
  class space    used 11677K, committed 12608K, reserved 1048576K
}
Event: 75.296 GC heap after
{Heap after GC invocations=28 (full 0):
 garbage-first heap   total 171008K, used 106448K [0x0000000080000000, 0x0000000100000000)
  region size 1024K, 2 young (2048K), 2 survivors (2048K)
 Metaspace       used 84349K, committed 86272K, reserved 1179648K
  class space    used 11677K, committed 12608K, reserved 1048576K
}

