# JRE version: OpenJDK Runtime Environment (21.0.8) (build 21.0.8+-14196175-b1038.72)
# Java VM: OpenJDK 64-Bit Server VM (21.0.8+-14196175-b1038.72, mixed mode, tiered, compressed oops, compressed class ptrs, g1 gc, windows-amd64)
GC Precious Log:
 CardTable entry size: 512
 Card Set container configuration: InlinePtr #cards 5 size 8 Array Of Cards #cards 12 size 40 Howl #buckets 4 coarsen threshold 1843 Howl Bitmap #cards 512 size 80 coarsen threshold 460 Card regions per heap region 1 cards per card region 2048
 CPUs: 8 total, 8 available
 Memory: 6086M
 Large Page Support: Disabled
 NUMA Support: Disabled
 Compressed Oops: Enabled (32-bit)
 Heap Region Size: 1M
 Heap Min Capacity: 8M
 Heap Initial Capacity: 96M
 Heap Max Capacity: 2G
 Pre-touch: Disabled
 Parallel Workers: 8
 Concurrent Workers: 2
 Concurrent Refinement Workers: 8
 Periodic GC: Disabled
Heap:
 garbage-first heap   total 193536K, used 123062K [0x0000000080000000, 0x0000000100000000)
  region size 1024K, 9 young (9216K), 8 survivors (8192K)
 Metaspace       used 116634K, committed 118912K, reserved 1179648K
  class space    used 16561K, committed 17664K, reserved 1048576K
GC Heap History (20 events):
Event: 42.540 GC heap before
{Heap before GC invocations=41 (full 0):
 garbage-first heap   total 150528K, used 126135K [0x0000000080000000, 0x0000000100000000)
  region size 1024K, 40 young (40960K), 3 survivors (3072K)
 Metaspace       used 90806K, committed 92736K, reserved 1179648K
  class space    used 12595K, committed 13568K, reserved 1048576K
}
Event: 42.546 GC heap after
{Heap after GC invocations=42 (full 0):
 garbage-first heap   total 150528K, used 90602K [0x0000000080000000, 0x0000000100000000)
  region size 1024K, 4 young (4096K), 4 survivors (4096K)
 Metaspace       used 90806K, committed 92736K, reserved 1179648K
  class space    used 12595K, committed 13568K, reserved 1048576K
}
Event: 43.821 GC heap before
{Heap before GC invocations=42 (full 0):
 garbage-first heap   total 150528K, used 140778K [0x0000000080000000, 0x0000000100000000)
  region size 1024K, 50 young (51200K), 4 survivors (4096K)
 Metaspace       used 94387K, committed 96384K, reserved 1179648K
  class space    used 13105K, committed 14080K, reserved 1048576K
}
Event: 43.830 GC heap after
{Heap after GC invocations=43 (full 0):
 garbage-first heap   total 151552K, used 95615K [0x0000000080000000, 0x0000000100000000)
  region size 1024K, 7 young (7168K), 7 survivors (7168K)
 Metaspace       used 94387K, committed 96384K, reserved 1179648K
  class space    used 13105K, committed 14080K, reserved 1048576K
}
Event: 44.649 GC heap before
{Heap before GC invocations=43 (full 0):
 garbage-first heap   total 151552K, used 134527K [0x0000000080000000, 0x0000000100000000)
  region size 1024K, 45 young (46080K), 7 survivors (7168K)
 Metaspace       used 95787K, committed 97856K, reserved 1179648K
  class space    used 13348K, committed 14336K, reserved 1048576K
}
Event: 44.662 GC heap after
{Heap after GC invocations=44 (full 0):
 garbage-first heap   total 151552K, used 99328K [0x0000000080000000, 0x0000000100000000)
  region size 1024K, 6 young (6144K), 6 survivors (6144K)
 Metaspace       used 95787K, committed 97856K, reserved 1179648K
  class space    used 13348K, committed 14336K, reserved 1048576K
}
Event: 45.730 GC heap before
{Heap before GC invocations=45 (full 0):
 garbage-first heap   total 165888K, used 136192K [0x0000000080000000, 0x0000000100000000)
  region size 1024K, 42 young (43008K), 6 survivors (6144K)
 Metaspace       used 96085K, committed 98112K, reserved 1179648K
  class space    used 13385K, committed 14400K, reserved 1048576K
}
Event: 45.749 GC heap after
{Heap after GC invocations=46 (full 0):
 garbage-first heap   total 165888K, used 105209K [0x0000000080000000, 0x0000000100000000)
  region size 1024K, 6 young (6144K), 6 survivors (6144K)
 Metaspace       used 96085K, committed 98112K, reserved 1179648K
  class space    used 13385K, committed 14400K, reserved 1048576K
}
Event: 46.666 GC heap before
{Heap before GC invocations=46 (full 0):
 garbage-first heap   total 165888K, used 149241K [0x0000000080000000, 0x0000000100000000)
  region size 1024K, 49 young (50176K), 6 survivors (6144K)
 Metaspace       used 97926K, committed 99904K, reserved 1179648K
  class space    used 13625K, committed 14592K, reserved 1048576K
}
Event: 46.675 GC heap after
{Heap after GC invocations=47 (full 0):
 garbage-first heap   total 165888K, used 106871K [0x0000000080000000, 0x0000000100000000)
  region size 1024K, 5 young (5120K), 5 survivors (5120K)
 Metaspace       used 97926K, committed 99904K, reserved 1179648K
  class space    used 13625K, committed 14592K, reserved 1048576K
}
Event: 47.173 GC heap before
{Heap before GC invocations=47 (full 0):
 garbage-first heap   total 165888K, used 127351K [0x0000000080000000, 0x0000000100000000)
  region size 1024K, 26 young (26624K), 5 survivors (5120K)
 Metaspace       used 99386K, committed 101504K, reserved 1179648K
  class space    used 13857K, committed 14912K, reserved 1048576K
}
Event: 47.177 GC heap after
{Heap after GC invocations=48 (full 0):
 garbage-first heap   total 165888K, used 108026K [0x0000000080000000, 0x0000000100000000)
  region size 1024K, 2 young (2048K), 2 survivors (2048K)
 Metaspace       used 99386K, committed 101504K, reserved 1179648K
  class space    used 13857K, committed 14912K, reserved 1048576K
}
Event: 48.663 GC heap before
{Heap before GC invocations=49 (full 0):
 garbage-first heap   total 183296K, used 154106K [0x0000000080000000, 0x0000000100000000)
  region size 1024K, 46 young (47104K), 2 survivors (2048K)
 Metaspace       used 103023K, committed 105152K, reserved 1179648K
  class space    used 14508K, committed 15552K, reserved 1048576K
}
Event: 48.668 GC heap after
{Heap after GC invocations=50 (full 0):
 garbage-first heap   total 183296K, used 108792K [0x0000000080000000, 0x0000000100000000)
  region size 1024K, 3 young (3072K), 3 survivors (3072K)
 Metaspace       used 103023K, committed 105152K, reserved 1179648K
  class space    used 14508K, committed 15552K, reserved 1048576K
}
Event: 50.420 GC heap before
{Heap before GC invocations=50 (full 0):
 garbage-first heap   total 183296K, used 167160K [0x0000000080000000, 0x0000000100000000)
  region size 1024K, 60 young (61440K), 3 survivors (3072K)
 Metaspace       used 106933K, committed 109120K, reserved 1179648K
  class space    used 15114K, committed 16192K, reserved 1048576K
}
Event: 50.436 GC heap after
{Heap after GC invocations=51 (full 0):
 garbage-first heap   total 183296K, used 110338K [0x0000000080000000, 0x0000000100000000)
  region size 1024K, 6 young (6144K), 6 survivors (6144K)
 Metaspace       used 106933K, committed 109120K, reserved 1179648K
  class space    used 15114K, committed 16192K, reserved 1048576K
}
Event: 53.198 GC heap before
{Heap before GC invocations=51 (full 0):
 garbage-first heap   total 183296K, used 165634K [0x0000000080000000, 0x0000000100000000)
  region size 1024K, 60 young (61440K), 6 survivors (6144K)
 Metaspace       used 109787K, committed 112000K, reserved 1179648K
  class space    used 15544K, committed 16640K, reserved 1048576K
}
Event: 53.214 GC heap after
{Heap after GC invocations=52 (full 0):
 garbage-first heap   total 183296K, used 115355K [0x0000000080000000, 0x0000000100000000)
  region size 1024K, 8 young (8192K), 8 survivors (8192K)
 Metaspace       used 109787K, committed 112000K, reserved 1179648K
  class space    used 15544K, committed 16640K, reserved 1048576K
}
Event: 55.003 GC heap before
{Heap before GC invocations=53 (full 0):
 garbage-first heap   total 193536K, used 164507K [0x0000000080000000, 0x0000000100000000)
  region size 1024K, 56 young (57344K), 8 survivors (8192K)
 Metaspace       used 114360K, committed 116672K, reserved 1179648K
  class space    used 16230K, committed 17344K, reserved 1048576K
}
Event: 55.017 GC heap after
{Heap after GC invocations=54 (full 0):
 garbage-first heap   total 193536K, used 117832K [0x0000000080000000, 0x0000000100000000)
  region size 1024K, 3 young (3072K), 3 survivors (3072K)
 Metaspace       used 114360K, committed 116672K, reserved 1179648K
  class space    used 16230K, committed 17344K, reserved 1048576K
}

