# JRE version: OpenJDK Runtime Environment (21.0.8) (build 21.0.8+-14196175-b1038.72)
# Java VM: OpenJDK 64-Bit Server VM (21.0.8+-14196175-b1038.72, mixed mode, tiered, compressed oops, compressed class ptrs, g1 gc, windows-amd64)
GC Precious Log:
 CardTable entry size: 512
 Card Set container configuration: InlinePtr #cards 5 size 8 Array Of Cards #cards 12 size 40 Howl #buckets 4 coarsen threshold 1843 Howl Bitmap #cards 512 size 80 coarsen threshold 460 Card regions per heap region 1 cards per card region 2048
 CPUs: 8 total, 8 available
 Memory: 6086M
 Large Page Support: Disabled
 NUMA Support: Disabled
 Compressed Oops: Enabled (32-bit)
 Heap Region Size: 1M
 Heap Min Capacity: 8M
 Heap Initial Capacity: 96M
 Heap Max Capacity: 2G
 Pre-touch: Disabled
 Parallel Workers: 8
 Concurrent Workers: 2
 Concurrent Refinement Workers: 8
 Periodic GC: Disabled
Heap:
 garbage-first heap   total 101376K, used 57699K [0x0000000080000000, 0x0000000100000000)
  region size 1024K, 4 young (4096K), 4 survivors (4096K)
 Metaspace       used 72894K, committed 74688K, reserved 1114112K
  class space    used 10209K, committed 11072K, reserved 1048576K
GC Heap History (20 events):
Event: 20.094 GC heap after
{Heap after GC invocations=22 (full 0):
 garbage-first heap   total 76800K, used 46996K [0x0000000080000000, 0x0000000100000000)
  region size 1024K, 2 young (2048K), 2 survivors (2048K)
 Metaspace       used 64854K, committed 66496K, reserved 1114112K
  class space    used 9077K, committed 9856K, reserved 1048576K
}
Event: 21.464 GC heap before
{Heap before GC invocations=22 (full 0):
 garbage-first heap   total 76800K, used 69524K [0x0000000080000000, 0x0000000100000000)
  region size 1024K, 24 young (24576K), 2 survivors (2048K)
 Metaspace       used 67439K, committed 69056K, reserved 1114112K
  class space    used 9475K, committed 10240K, reserved 1048576K
}
Event: 21.469 GC heap after
{Heap after GC invocations=23 (full 0):
 garbage-first heap   total 76800K, used 47647K [0x0000000080000000, 0x0000000100000000)
  region size 1024K, 3 young (3072K), 3 survivors (3072K)
 Metaspace       used 67439K, committed 69056K, reserved 1114112K
  class space    used 9475K, committed 10240K, reserved 1048576K
}
Event: 22.718 GC heap before
{Heap before GC invocations=23 (full 0):
 garbage-first heap   total 76800K, used 68127K [0x0000000080000000, 0x0000000100000000)
  region size 1024K, 23 young (23552K), 3 survivors (3072K)
 Metaspace       used 70051K, committed 71680K, reserved 1114112K
  class space    used 9918K, committed 10688K, reserved 1048576K
}
Event: 22.723 GC heap after
{Heap after GC invocations=24 (full 0):
 garbage-first heap   total 76800K, used 48790K [0x0000000080000000, 0x0000000100000000)
  region size 1024K, 1 young (1024K), 1 survivors (1024K)
 Metaspace       used 70051K, committed 71680K, reserved 1114112K
  class space    used 9918K, committed 10688K, reserved 1048576K
}
Event: 24.321 GC heap before
{Heap before GC invocations=25 (full 0):
 garbage-first heap   total 81920K, used 71318K [0x0000000080000000, 0x0000000100000000)
  region size 1024K, 23 young (23552K), 1 survivors (1024K)
 Metaspace       used 71960K, committed 73728K, reserved 1114112K
  class space    used 10182K, committed 11008K, reserved 1048576K
}
Event: 24.327 GC heap after
{Heap after GC invocations=26 (full 0):
 garbage-first heap   total 81920K, used 51858K [0x0000000080000000, 0x0000000100000000)
  region size 1024K, 3 young (3072K), 3 survivors (3072K)
 Metaspace       used 71960K, committed 73728K, reserved 1114112K
  class space    used 10182K, committed 11008K, reserved 1048576K
}
Event: 25.265 GC heap before
{Heap before GC invocations=26 (full 0):
 garbage-first heap   total 81920K, used 73362K [0x0000000080000000, 0x0000000100000000)
  region size 1024K, 25 young (25600K), 3 survivors (3072K)
 Metaspace       used 72449K, committed 74240K, reserved 1114112K
  class space    used 10209K, committed 11072K, reserved 1048576K
}
Event: 25.275 GC heap after
{Heap after GC invocations=27 (full 0):
 garbage-first heap   total 83968K, used 55852K [0x0000000080000000, 0x0000000100000000)
  region size 1024K, 4 young (4096K), 4 survivors (4096K)
 Metaspace       used 72449K, committed 74240K, reserved 1114112K
  class space    used 10209K, committed 11072K, reserved 1048576K
}
Event: 25.560 GC heap before
{Heap before GC invocations=27 (full 0):
 garbage-first heap   total 83968K, used 73260K [0x0000000080000000, 0x0000000100000000)
  region size 1024K, 22 young (22528K), 4 survivors (4096K)
 Metaspace       used 72561K, committed 74304K, reserved 1114112K
  class space    used 10209K, committed 11072K, reserved 1048576K
}
Event: 25.566 GC heap after
{Heap after GC invocations=28 (full 0):
 garbage-first heap   total 83968K, used 57055K [0x0000000080000000, 0x0000000100000000)
  region size 1024K, 3 young (3072K), 3 survivors (3072K)
 Metaspace       used 72561K, committed 74304K, reserved 1114112K
  class space    used 10209K, committed 11072K, reserved 1048576K
}
Event: 25.817 GC heap before
{Heap before GC invocations=29 (full 0):
 garbage-first heap   total 96256K, used 73439K [0x0000000080000000, 0x0000000100000000)
  region size 1024K, 20 young (20480K), 3 survivors (3072K)
 Metaspace       used 72682K, committed 74432K, reserved 1114112K
  class space    used 10209K, committed 11072K, reserved 1048576K
}
Event: 25.821 GC heap after
{Heap after GC invocations=30 (full 0):
 garbage-first heap   total 96256K, used 57744K [0x0000000080000000, 0x0000000100000000)
  region size 1024K, 3 young (3072K), 3 survivors (3072K)
 Metaspace       used 72682K, committed 74432K, reserved 1114112K
  class space    used 10209K, committed 11072K, reserved 1048576K
}
Event: 26.191 GC heap before
{Heap before GC invocations=30 (full 0):
 garbage-first heap   total 96256K, used 84368K [0x0000000080000000, 0x0000000100000000)
  region size 1024K, 30 young (30720K), 3 survivors (3072K)
 Metaspace       used 72821K, committed 74560K, reserved 1114112K
  class space    used 10209K, committed 11072K, reserved 1048576K
}
Event: 26.197 GC heap after
{Heap after GC invocations=31 (full 0):
 garbage-first heap   total 96256K, used 57166K [0x0000000080000000, 0x0000000100000000)
  region size 1024K, 4 young (4096K), 4 survivors (4096K)
 Metaspace       used 72821K, committed 74560K, reserved 1114112K
  class space    used 10209K, committed 11072K, reserved 1048576K
}
Event: 26.652 GC heap before
{Heap before GC invocations=31 (full 0):
 garbage-first heap   total 96256K, used 83790K [0x0000000080000000, 0x0000000100000000)
  region size 1024K, 31 young (31744K), 4 survivors (4096K)
 Metaspace       used 72883K, committed 74624K, reserved 1114112K
  class space    used 10209K, committed 11072K, reserved 1048576K
}
Event: 26.656 GC heap after
{Heap after GC invocations=32 (full 0):
 garbage-first heap   total 96256K, used 57845K [0x0000000080000000, 0x0000000100000000)
  region size 1024K, 4 young (4096K), 4 survivors (4096K)
 Metaspace       used 72883K, committed 74624K, reserved 1114112K
  class space    used 10209K, committed 11072K, reserved 1048576K
}
Event: 26.961 GC heap before
{Heap before GC invocations=33 (full 0):
 garbage-first heap   total 99328K, used 83445K [0x0000000080000000, 0x0000000100000000)
  region size 1024K, 30 young (30720K), 4 survivors (4096K)
 Metaspace       used 72890K, committed 74688K, reserved 1114112K
  class space    used 10209K, committed 11072K, reserved 1048576K
}
Event: 26.965 GC heap after
{Heap after GC invocations=34 (full 0):
 garbage-first heap   total 99328K, used 58473K [0x0000000080000000, 0x0000000100000000)
  region size 1024K, 4 young (4096K), 4 survivors (4096K)
 Metaspace       used 72890K, committed 74688K, reserved 1114112K
  class space    used 10209K, committed 11072K, reserved 1048576K
}
Event: 27.314 GC heap before
{Heap before GC invocations=34 (full 0):
 garbage-first heap   total 99328K, used 87145K [0x0000000080000000, 0x0000000100000000)
  region size 1024K, 33 young (33792K), 4 survivors (4096K)
 Metaspace       used 72894K, committed 74688K, reserved 1114112K
  class space    used 10209K, committed 11072K, reserved 1048576K
}

