# JRE version: OpenJDK Runtime Environment (21.0.8) (build 21.0.8+-14196175-b1038.72)
# Java VM: OpenJDK 64-Bit Server VM (21.0.8+-14196175-b1038.72, mixed mode, tiered, compressed oops, compressed class ptrs, g1 gc, windows-amd64)
GC Precious Log:
 CardTable entry size: 512
 Card Set container configuration: InlinePtr #cards 5 size 8 Array Of Cards #cards 12 size 40 Howl #buckets 4 coarsen threshold 1843 Howl Bitmap #cards 512 size 80 coarsen threshold 460 Card regions per heap region 1 cards per card region 2048
 CPUs: 8 total, 8 available
 Memory: 6086M
 Large Page Support: Disabled
 NUMA Support: Disabled
 Compressed Oops: Enabled (32-bit)
 Heap Region Size: 1M
 Heap Min Capacity: 8M
 Heap Initial Capacity: 96M
 Heap Max Capacity: 2G
 Pre-touch: Disabled
 Parallel Workers: 8
 Concurrent Workers: 2
 Concurrent Refinement Workers: 8
 Periodic GC: Disabled
Heap:
 garbage-first heap   total 171008K, used 125544K [0x0000000080000000, 0x0000000100000000)
  region size 1024K, 20 young (20480K), 2 survivors (2048K)
 Metaspace       used 101556K, committed 103616K, reserved 1179648K
  class space    used 14240K, committed 15232K, reserved 1048576K
GC Heap History (20 events):
Event: 20.398 GC heap before
{Heap before GC invocations=30 (full 0):
 garbage-first heap   total 130048K, used 113937K [0x0000000080000000, 0x0000000100000000)
  region size 1024K, 40 young (40960K), 7 survivors (7168K)
 Metaspace       used 76979K, committed 78720K, reserved 1179648K
  class space    used 10756K, committed 11584K, reserved 1048576K
}
Event: 20.404 GC heap after
{Heap after GC invocations=31 (full 0):
 garbage-first heap   total 130048K, used 81435K [0x0000000080000000, 0x0000000100000000)
  region size 1024K, 2 young (2048K), 2 survivors (2048K)
 Metaspace       used 76979K, committed 78720K, reserved 1179648K
  class space    used 10756K, committed 11584K, reserved 1048576K
}
Event: 21.282 GC heap before
{Heap before GC invocations=31 (full 0):
 garbage-first heap   total 130048K, used 114203K [0x0000000080000000, 0x0000000100000000)
  region size 1024K, 35 young (35840K), 2 survivors (2048K)
 Metaspace       used 80730K, committed 82496K, reserved 1179648K
  class space    used 11233K, committed 12096K, reserved 1048576K
}
Event: 21.287 GC heap after
{Heap after GC invocations=32 (full 0):
 garbage-first heap   total 130048K, used 82212K [0x0000000080000000, 0x0000000100000000)
  region size 1024K, 3 young (3072K), 3 survivors (3072K)
 Metaspace       used 80730K, committed 82496K, reserved 1179648K
  class space    used 11233K, committed 12096K, reserved 1048576K
}
Event: 22.168 GC heap before
{Heap before GC invocations=33 (full 0):
 garbage-first heap   total 138240K, used 121124K [0x0000000080000000, 0x0000000100000000)
  region size 1024K, 37 young (37888K), 3 survivors (3072K)
 Metaspace       used 83513K, committed 85376K, reserved 1179648K
  class space    used 11668K, committed 12544K, reserved 1048576K
}
Event: 22.175 GC heap after
{Heap after GC invocations=34 (full 0):
 garbage-first heap   total 138240K, used 87479K [0x0000000080000000, 0x0000000100000000)
  region size 1024K, 5 young (5120K), 5 survivors (5120K)
 Metaspace       used 83513K, committed 85376K, reserved 1179648K
  class space    used 11668K, committed 12544K, reserved 1048576K
}
Event: 23.083 GC heap before
{Heap before GC invocations=34 (full 0):
 garbage-first heap   total 138240K, used 124343K [0x0000000080000000, 0x0000000100000000)
  region size 1024K, 41 young (41984K), 5 survivors (5120K)
 Metaspace       used 86398K, committed 88320K, reserved 1179648K
  class space    used 12032K, committed 12992K, reserved 1048576K
}
Event: 23.091 GC heap after
{Heap after GC invocations=35 (full 0):
 garbage-first heap   total 138240K, used 89231K [0x0000000080000000, 0x0000000100000000)
  region size 1024K, 5 young (5120K), 5 survivors (5120K)
 Metaspace       used 86398K, committed 88320K, reserved 1179648K
  class space    used 12032K, committed 12992K, reserved 1048576K
}
Event: 24.020 GC heap before
{Heap before GC invocations=35 (full 0):
 garbage-first heap   total 138240K, used 124047K [0x0000000080000000, 0x0000000100000000)
  region size 1024K, 39 young (39936K), 5 survivors (5120K)
 Metaspace       used 90098K, committed 91968K, reserved 1179648K
  class space    used 12517K, committed 13440K, reserved 1048576K
}
Event: 24.027 GC heap after
{Heap after GC invocations=36 (full 0):
 garbage-first heap   total 138240K, used 91368K [0x0000000080000000, 0x0000000100000000)
  region size 1024K, 4 young (4096K), 4 survivors (4096K)
 Metaspace       used 90098K, committed 91968K, reserved 1179648K
  class space    used 12517K, committed 13440K, reserved 1048576K
}
Event: 24.913 GC heap before
{Heap before GC invocations=37 (full 0):
 garbage-first heap   total 153600K, used 128232K [0x0000000080000000, 0x0000000100000000)
  region size 1024K, 37 young (37888K), 4 survivors (4096K)
 Metaspace       used 92996K, committed 94912K, reserved 1179648K
  class space    used 12914K, committed 13824K, reserved 1048576K
}
Event: 24.918 GC heap after
{Heap after GC invocations=38 (full 0):
 garbage-first heap   total 153600K, used 96485K [0x0000000080000000, 0x0000000100000000)
  region size 1024K, 4 young (4096K), 4 survivors (4096K)
 Metaspace       used 92996K, committed 94912K, reserved 1179648K
  class space    used 12914K, committed 13824K, reserved 1048576K
}
Event: 25.958 GC heap before
{Heap before GC invocations=38 (full 0):
 garbage-first heap   total 153600K, used 140517K [0x0000000080000000, 0x0000000100000000)
  region size 1024K, 47 young (48128K), 4 survivors (4096K)
 Metaspace       used 95525K, committed 97536K, reserved 1179648K
  class space    used 13315K, committed 14272K, reserved 1048576K
}
Event: 25.967 GC heap after
{Heap after GC invocations=39 (full 0):
 garbage-first heap   total 153600K, used 98298K [0x0000000080000000, 0x0000000100000000)
  region size 1024K, 5 young (5120K), 5 survivors (5120K)
 Metaspace       used 95525K, committed 97536K, reserved 1179648K
  class space    used 13315K, committed 14272K, reserved 1048576K
}
Event: 26.440 GC heap before
{Heap before GC invocations=39 (full 0):
 garbage-first heap   total 153600K, used 140282K [0x0000000080000000, 0x0000000100000000)
  region size 1024K, 46 young (47104K), 5 survivors (5120K)
 Metaspace       used 95917K, committed 97856K, reserved 1179648K
  class space    used 13377K, committed 14336K, reserved 1048576K
}
Event: 26.449 GC heap after
{Heap after GC invocations=40 (full 0):
 garbage-first heap   total 153600K, used 101907K [0x0000000080000000, 0x0000000100000000)
  region size 1024K, 6 young (6144K), 6 survivors (6144K)
 Metaspace       used 95917K, committed 97856K, reserved 1179648K
  class space    used 13377K, committed 14336K, reserved 1048576K
}
Event: 27.333 GC heap before
{Heap before GC invocations=41 (full 0):
 garbage-first heap   total 171008K, used 137747K [0x0000000080000000, 0x0000000100000000)
  region size 1024K, 41 young (41984K), 6 survivors (6144K)
 Metaspace       used 96416K, committed 98432K, reserved 1179648K
  class space    used 13447K, committed 14400K, reserved 1048576K
}
Event: 27.344 GC heap after
{Heap after GC invocations=42 (full 0):
 garbage-first heap   total 171008K, used 106837K [0x0000000080000000, 0x0000000100000000)
  region size 1024K, 5 young (5120K), 5 survivors (5120K)
 Metaspace       used 96416K, committed 98432K, reserved 1179648K
  class space    used 13447K, committed 14400K, reserved 1048576K
}
Event: 28.371 GC heap before
{Heap before GC invocations=42 (full 0):
 garbage-first heap   total 171008K, used 153941K [0x0000000080000000, 0x0000000100000000)
  region size 1024K, 51 young (52224K), 5 survivors (5120K)
 Metaspace       used 99997K, committed 102016K, reserved 1179648K
  class space    used 13945K, committed 14912K, reserved 1048576K
}
Event: 28.379 GC heap after
{Heap after GC invocations=43 (full 0):
 garbage-first heap   total 171008K, used 108136K [0x0000000080000000, 0x0000000100000000)
  region size 1024K, 2 young (2048K), 2 survivors (2048K)
 Metaspace       used 99997K, committed 102016K, reserved 1179648K
  class space    used 13945K, committed 14912K, reserved 1048576K
}

