# JRE version: OpenJDK Runtime Environment (21.0.8) (build 21.0.8+-14196175-b1038.72)
# Java VM: OpenJDK 64-Bit Server VM (21.0.8+-14196175-b1038.72, mixed mode, tiered, compressed oops, compressed class ptrs, g1 gc, windows-amd64)
GC Precious Log:
 CardTable entry size: 512
 Card Set container configuration: InlinePtr #cards 5 size 8 Array Of Cards #cards 12 size 40 Howl #buckets 4 coarsen threshold 1843 Howl Bitmap #cards 512 size 80 coarsen threshold 460 Card regions per heap region 1 cards per card region 2048
 CPUs: 8 total, 8 available
 Memory: 6086M
 Large Page Support: Disabled
 NUMA Support: Disabled
 Compressed Oops: Enabled (32-bit)
 Heap Region Size: 1M
 Heap Min Capacity: 8M
 Heap Initial Capacity: 96M
 Heap Max Capacity: 1522M
 Pre-touch: Disabled
 Parallel Workers: 8
 Concurrent Workers: 2
 Concurrent Refinement Workers: 8
 Periodic GC: Disabled
Heap:
 garbage-first heap   total 101376K, used 67975K [0x00000000a0e00000, 0x0000000100000000)
  region size 1024K, 5 young (5120K), 3 survivors (3072K)
 Metaspace       used 53696K, committed 53952K, reserved 1114112K
  class space    used 6322K, committed 6464K, reserved 1048576K
GC Heap History (20 events):
Event: 4.022 GC heap before
{Heap before GC invocations=10 (full 0):
 garbage-first heap   total 68608K, used 51400K [0x00000000a0e00000, 0x0000000100000000)
  region size 1024K, 31 young (31744K), 1 survivors (1024K)
 Metaspace       used 41008K, committed 41216K, reserved 1114112K
  class space    used 4953K, committed 5056K, reserved 1048576K
}
Event: 4.031 GC heap after
{Heap after GC invocations=11 (full 0):
 garbage-first heap   total 68608K, used 23632K [0x00000000a0e00000, 0x0000000100000000)
  region size 1024K, 3 young (3072K), 3 survivors (3072K)
 Metaspace       used 41008K, committed 41216K, reserved 1114112K
  class space    used 4953K, committed 5056K, reserved 1048576K
}
Event: 5.439 GC heap before
{Heap before GC invocations=11 (full 0):
 garbage-first heap   total 68608K, used 53328K [0x00000000a0e00000, 0x0000000100000000)
  region size 1024K, 33 young (33792K), 3 survivors (3072K)
 Metaspace       used 47662K, committed 47872K, reserved 1114112K
  class space    used 5663K, committed 5760K, reserved 1048576K
}
Event: 5.451 GC heap after
{Heap after GC invocations=12 (full 0):
 garbage-first heap   total 68608K, used 26284K [0x00000000a0e00000, 0x0000000100000000)
  region size 1024K, 5 young (5120K), 5 survivors (5120K)
 Metaspace       used 47662K, committed 47872K, reserved 1114112K
  class space    used 5663K, committed 5760K, reserved 1048576K
}
Event: 5.509 GC heap before
{Heap before GC invocations=12 (full 0):
 garbage-first heap   total 68608K, used 28332K [0x00000000a0e00000, 0x0000000100000000)
  region size 1024K, 8 young (8192K), 5 survivors (5120K)
 Metaspace       used 48122K, committed 48320K, reserved 1114112K
  class space    used 5703K, committed 5760K, reserved 1048576K
}
Event: 5.520 GC heap after
{Heap after GC invocations=13 (full 0):
 garbage-first heap   total 68608K, used 27121K [0x00000000a0e00000, 0x0000000100000000)
  region size 1024K, 1 young (1024K), 1 survivors (1024K)
 Metaspace       used 48122K, committed 48320K, reserved 1114112K
  class space    used 5703K, committed 5760K, reserved 1048576K
}
Event: 6.113 GC heap before
{Heap before GC invocations=14 (full 0):
 garbage-first heap   total 68608K, used 56817K [0x00000000a0e00000, 0x0000000100000000)
  region size 1024K, 30 young (30720K), 1 survivors (1024K)
 Metaspace       used 49492K, committed 49728K, reserved 1114112K
  class space    used 5833K, committed 5952K, reserved 1048576K
}
Event: 6.133 GC heap after
{Heap after GC invocations=15 (full 0):
 garbage-first heap   total 68608K, used 35069K [0x00000000a0e00000, 0x0000000100000000)
  region size 1024K, 4 young (4096K), 4 survivors (4096K)
 Metaspace       used 49492K, committed 49728K, reserved 1114112K
  class space    used 5833K, committed 5952K, reserved 1048576K
}
Event: 6.659 GC heap before
{Heap before GC invocations=15 (full 0):
 garbage-first heap   total 68608K, used 57597K [0x00000000a0e00000, 0x0000000100000000)
  region size 1024K, 26 young (26624K), 4 survivors (4096K)
 Metaspace       used 51676K, committed 51904K, reserved 1114112K
  class space    used 6079K, committed 6208K, reserved 1048576K
}
Event: 6.679 GC heap after
{Heap after GC invocations=16 (full 0):
 garbage-first heap   total 68608K, used 40217K [0x00000000a0e00000, 0x0000000100000000)
  region size 1024K, 4 young (4096K), 4 survivors (4096K)
 Metaspace       used 51676K, committed 51904K, reserved 1114112K
  class space    used 6079K, committed 6208K, reserved 1048576K
}
Event: 7.028 GC heap before
{Heap before GC invocations=16 (full 0):
 garbage-first heap   total 68608K, used 57625K [0x00000000a0e00000, 0x0000000100000000)
  region size 1024K, 21 young (21504K), 4 survivors (4096K)
 Metaspace       used 53135K, committed 53440K, reserved 1114112K
  class space    used 6240K, committed 6400K, reserved 1048576K
}
Event: 7.043 GC heap after
{Heap after GC invocations=17 (full 0):
 garbage-first heap   total 68608K, used 43911K [0x00000000a0e00000, 0x0000000100000000)
  region size 1024K, 3 young (3072K), 3 survivors (3072K)
 Metaspace       used 53135K, committed 53440K, reserved 1114112K
  class space    used 6240K, committed 6400K, reserved 1048576K
}
Event: 7.219 GC heap before
{Heap before GC invocations=18 (full 0):
 garbage-first heap   total 73728K, used 60295K [0x00000000a0e00000, 0x0000000100000000)
  region size 1024K, 18 young (18432K), 3 survivors (3072K)
 Metaspace       used 53543K, committed 53824K, reserved 1114112K
  class space    used 6300K, committed 6464K, reserved 1048576K
}
Event: 7.236 GC heap after
{Heap after GC invocations=19 (full 0):
 garbage-first heap   total 89088K, used 49963K [0x00000000a0e00000, 0x0000000100000000)
  region size 1024K, 3 young (3072K), 3 survivors (3072K)
 Metaspace       used 53543K, committed 53824K, reserved 1114112K
  class space    used 6300K, committed 6464K, reserved 1048576K
}
Event: 7.443 GC heap before
{Heap before GC invocations=19 (full 0):
 garbage-first heap   total 89088K, used 74539K [0x00000000a0e00000, 0x0000000100000000)
  region size 1024K, 27 young (27648K), 3 survivors (3072K)
 Metaspace       used 53696K, committed 53952K, reserved 1114112K
  class space    used 6322K, committed 6464K, reserved 1048576K
}
Event: 7.461 GC heap after
{Heap after GC invocations=20 (full 0):
 garbage-first heap   total 89088K, used 58247K [0x00000000a0e00000, 0x0000000100000000)
  region size 1024K, 4 young (4096K), 4 survivors (4096K)
 Metaspace       used 53696K, committed 53952K, reserved 1114112K
  class space    used 6322K, committed 6464K, reserved 1048576K
}
Event: 7.562 GC heap before
{Heap before GC invocations=20 (full 0):
 garbage-first heap   total 89088K, used 76679K [0x00000000a0e00000, 0x0000000100000000)
  region size 1024K, 22 young (22528K), 4 survivors (4096K)
 Metaspace       used 53696K, committed 53952K, reserved 1114112K
  class space    used 6322K, committed 6464K, reserved 1048576K
}
Event: 7.572 GC heap after
{Heap after GC invocations=21 (full 0):
 garbage-first heap   total 89088K, used 62855K [0x00000000a0e00000, 0x0000000100000000)
  region size 1024K, 3 young (3072K), 3 survivors (3072K)
 Metaspace       used 53696K, committed 53952K, reserved 1114112K
  class space    used 6322K, committed 6464K, reserved 1048576K
}
Event: 7.657 GC heap before
{Heap before GC invocations=21 (full 0):
 garbage-first heap   total 89088K, used 78215K [0x00000000a0e00000, 0x0000000100000000)
  region size 1024K, 18 young (18432K), 3 survivors (3072K)
 Metaspace       used 53696K, committed 53952K, reserved 1114112K
  class space    used 6322K, committed 6464K, reserved 1048576K
}
Event: 7.664 GC heap after
{Heap after GC invocations=22 (full 0):
 garbage-first heap   total 89088K, used 66951K [0x00000000a0e00000, 0x0000000100000000)
  region size 1024K, 3 young (3072K), 3 survivors (3072K)
 Metaspace       used 53696K, committed 53952K, reserved 1114112K
  class space    used 6322K, committed 6464K, reserved 1048576K
}

