# JRE version: OpenJDK Runtime Environment (21.0.8) (build 21.0.8+-14196175-b1038.72)
# Java VM: OpenJDK 64-Bit Server VM (21.0.8+-14196175-b1038.72, mixed mode, tiered, compressed oops, compressed class ptrs, g1 gc, windows-amd64)
GC Precious Log:
 CardTable entry size: 512
 Card Set container configuration: InlinePtr #cards 5 size 8 Array Of Cards #cards 12 size 40 Howl #buckets 4 coarsen threshold 1843 Howl Bitmap #cards 512 size 80 coarsen threshold 460 Card regions per heap region 1 cards per card region 2048
 CPUs: 8 total, 8 available
 Memory: 6086M
 Large Page Support: Disabled
 NUMA Support: Disabled
 Compressed Oops: Enabled (32-bit)
 Heap Region Size: 1M
 Heap Min Capacity: 8M
 Heap Initial Capacity: 96M
 Heap Max Capacity: 2G
 Pre-touch: Disabled
 Parallel Workers: 8
 Concurrent Workers: 2
 Concurrent Refinement Workers: 8
 Periodic GC: Disabled
Heap:
 garbage-first heap   total 153600K, used 108674K [0x0000000080000000, 0x0000000100000000)
  region size 1024K, 14 young (14336K), 6 survivors (6144K)
 Metaspace       used 95922K, committed 97920K, reserved 1179648K
  class space    used 13357K, committed 14336K, reserved 1048576K
GC Heap History (20 events):
Event: 20.729 GC heap before
{Heap before GC invocations=31 (full 0):
 garbage-first heap   total 103424K, used 90657K [0x0000000080000000, 0x0000000100000000)
  region size 1024K, 38 young (38912K), 4 survivors (4096K)
 Metaspace       used 72829K, committed 74560K, reserved 1114112K
  class space    used 10226K, committed 11072K, reserved 1048576K
}
Event: 20.734 GC heap after
{Heap after GC invocations=32 (full 0):
 garbage-first heap   total 103424K, used 57824K [0x0000000080000000, 0x0000000100000000)
  region size 1024K, 4 young (4096K), 4 survivors (4096K)
 Metaspace       used 72829K, committed 74560K, reserved 1114112K
  class space    used 10226K, committed 11072K, reserved 1048576K
}
Event: 21.073 GC heap before
{Heap before GC invocations=33 (full 0):
 garbage-first heap   total 103424K, used 91616K [0x0000000080000000, 0x0000000100000000)
  region size 1024K, 38 young (38912K), 4 survivors (4096K)
 Metaspace       used 73199K, committed 74944K, reserved 1114112K
  class space    used 10280K, committed 11136K, reserved 1048576K
}
Event: 21.079 GC heap after
{Heap after GC invocations=34 (full 0):
 garbage-first heap   total 103424K, used 60144K [0x0000000080000000, 0x0000000100000000)
  region size 1024K, 5 young (5120K), 5 survivors (5120K)
 Metaspace       used 73199K, committed 74944K, reserved 1114112K
  class space    used 10280K, committed 11136K, reserved 1048576K
}
Event: 21.739 GC heap before
{Heap before GC invocations=34 (full 0):
 garbage-first heap   total 103424K, used 102128K [0x0000000080000000, 0x0000000100000000)
  region size 1024K, 33 young (33792K), 5 survivors (5120K)
 Metaspace       used 74405K, committed 76224K, reserved 1179648K
  class space    used 10407K, committed 11328K, reserved 1048576K
}
Event: 21.749 GC heap after
{Heap after GC invocations=35 (full 0):
 garbage-first heap   total 118784K, used 80027K [0x0000000080000000, 0x0000000100000000)
  region size 1024K, 5 young (5120K), 5 survivors (5120K)
 Metaspace       used 74405K, committed 76224K, reserved 1179648K
  class space    used 10407K, committed 11328K, reserved 1048576K
}
Event: 22.215 GC heap before
{Heap before GC invocations=35 (full 0):
 garbage-first heap   total 118784K, used 103579K [0x0000000080000000, 0x0000000100000000)
  region size 1024K, 28 young (28672K), 5 survivors (5120K)
 Metaspace       used 76411K, committed 78272K, reserved 1179648K
  class space    used 10679K, committed 11584K, reserved 1048576K
}
Event: 22.219 GC heap after
{Heap after GC invocations=36 (full 0):
 garbage-first heap   total 143360K, used 81132K [0x0000000080000000, 0x0000000100000000)
  region size 1024K, 1 young (1024K), 1 survivors (1024K)
 Metaspace       used 76411K, committed 78272K, reserved 1179648K
  class space    used 10679K, committed 11584K, reserved 1048576K
}
Event: 23.271 GC heap before
{Heap before GC invocations=37 (full 0):
 garbage-first heap   total 143360K, used 128236K [0x0000000080000000, 0x0000000100000000)
  region size 1024K, 47 young (48128K), 1 survivors (1024K)
 Metaspace       used 81441K, committed 83328K, reserved 1179648K
  class space    used 11359K, committed 12288K, reserved 1048576K
}
Event: 23.276 GC heap after
{Heap after GC invocations=38 (full 0):
 garbage-first heap   total 143360K, used 82626K [0x0000000080000000, 0x0000000100000000)
  region size 1024K, 3 young (3072K), 3 survivors (3072K)
 Metaspace       used 81441K, committed 83328K, reserved 1179648K
  class space    used 11359K, committed 12288K, reserved 1048576K
}
Event: 24.074 GC heap before
{Heap before GC invocations=38 (full 0):
 garbage-first heap   total 143360K, used 133826K [0x0000000080000000, 0x0000000100000000)
  region size 1024K, 48 young (49152K), 3 survivors (3072K)
 Metaspace       used 85032K, committed 86912K, reserved 1179648K
  class space    used 11839K, committed 12736K, reserved 1048576K
}
Event: 24.083 GC heap after
{Heap after GC invocations=39 (full 0):
 garbage-first heap   total 143360K, used 87794K [0x0000000080000000, 0x0000000100000000)
  region size 1024K, 6 young (6144K), 6 survivors (6144K)
 Metaspace       used 85032K, committed 86912K, reserved 1179648K
  class space    used 11839K, committed 12736K, reserved 1048576K
}
Event: 24.844 GC heap before
{Heap before GC invocations=39 (full 0):
 garbage-first heap   total 143360K, used 129778K [0x0000000080000000, 0x0000000100000000)
  region size 1024K, 47 young (48128K), 6 survivors (6144K)
 Metaspace       used 88537K, committed 90368K, reserved 1179648K
  class space    used 12287K, committed 13184K, reserved 1048576K
}
Event: 24.851 GC heap after
{Heap after GC invocations=40 (full 0):
 garbage-first heap   total 143360K, used 90376K [0x0000000080000000, 0x0000000100000000)
  region size 1024K, 3 young (3072K), 3 survivors (3072K)
 Metaspace       used 88537K, committed 90368K, reserved 1179648K
  class space    used 12287K, committed 13184K, reserved 1048576K
}
Event: 25.810 GC heap before
{Heap before GC invocations=41 (full 0):
 garbage-first heap   total 153600K, used 132360K [0x0000000080000000, 0x0000000100000000)
  region size 1024K, 42 young (43008K), 3 survivors (3072K)
 Metaspace       used 92531K, committed 94464K, reserved 1179648K
  class space    used 12840K, committed 13824K, reserved 1048576K
}
Event: 25.815 GC heap after
{Heap after GC invocations=42 (full 0):
 garbage-first heap   total 153600K, used 95963K [0x0000000080000000, 0x0000000100000000)
  region size 1024K, 5 young (5120K), 5 survivors (5120K)
 Metaspace       used 92531K, committed 94464K, reserved 1179648K
  class space    used 12840K, committed 13824K, reserved 1048576K
}
Event: 26.600 GC heap before
{Heap before GC invocations=42 (full 0):
 garbage-first heap   total 153600K, used 138971K [0x0000000080000000, 0x0000000100000000)
  region size 1024K, 47 young (48128K), 5 survivors (5120K)
 Metaspace       used 95327K, committed 97344K, reserved 1179648K
  class space    used 13262K, committed 14272K, reserved 1048576K
}
Event: 26.608 GC heap after
{Heap after GC invocations=43 (full 0):
 garbage-first heap   total 153600K, used 97072K [0x0000000080000000, 0x0000000100000000)
  region size 1024K, 5 young (5120K), 5 survivors (5120K)
 Metaspace       used 95327K, committed 97344K, reserved 1179648K
  class space    used 13262K, committed 14272K, reserved 1048576K
}
Event: 27.101 GC heap before
{Heap before GC invocations=43 (full 0):
 garbage-first heap   total 153600K, used 139056K [0x0000000080000000, 0x0000000100000000)
  region size 1024K, 46 young (47104K), 5 survivors (5120K)
 Metaspace       used 95845K, committed 97920K, reserved 1179648K
  class space    used 13351K, committed 14336K, reserved 1048576K
}
Event: 27.110 GC heap after
{Heap after GC invocations=44 (full 0):
 garbage-first heap   total 153600K, used 101506K [0x0000000080000000, 0x0000000100000000)
  region size 1024K, 6 young (6144K), 6 survivors (6144K)
 Metaspace       used 95845K, committed 97920K, reserved 1179648K
  class space    used 13351K, committed 14336K, reserved 1048576K
}

