# JRE version: OpenJDK Runtime Environment (21.0.8) (build 21.0.8+-14196175-b1038.72)
# Java VM: OpenJDK 64-Bit Server VM (21.0.8+-14196175-b1038.72, mixed mode, tiered, compressed oops, compressed class ptrs, g1 gc, windows-amd64)
GC Precious Log:
 CardTable entry size: 512
 Card Set container configuration: InlinePtr #cards 5 size 8 Array Of Cards #cards 12 size 40 Howl #buckets 4 coarsen threshold 1843 Howl Bitmap #cards 512 size 80 coarsen threshold 460 Card regions per heap region 1 cards per card region 2048
 CPUs: 8 total, 8 available
 Memory: 6086M
 Large Page Support: Disabled
 NUMA Support: Disabled
 Compressed Oops: Enabled (32-bit)
 Heap Region Size: 1M
 Heap Min Capacity: 8M
 Heap Initial Capacity: 96M
 Heap Max Capacity: 2G
 Pre-touch: Disabled
 Parallel Workers: 8
 Concurrent Workers: 2
 Concurrent Refinement Workers: 8
 Periodic GC: Disabled
Heap:
 garbage-first heap   total 174080K, used 132497K [0x0000000080000000, 0x0000000100000000)
  region size 1024K, 32 young (32768K), 4 survivors (4096K)
 Metaspace       used 72231K, committed 73920K, reserved 1114112K
  class space    used 10088K, committed 10880K, reserved 1048576K
GC Heap History (20 events):
Event: 8.826 GC heap before
{Heap before GC invocations=17 (full 0):
 garbage-first heap   total 124928K, used 94309K [0x0000000080000000, 0x0000000100000000)
  region size 1024K, 21 young (21504K), 1 survivors (1024K)
 Metaspace       used 50409K, committed 51520K, reserved 1114112K
  class space    used 6903K, committed 7424K, reserved 1048576K
}
Event: 8.829 GC heap after
{Heap after GC invocations=18 (full 0):
 garbage-first heap   total 124928K, used 69737K [0x0000000080000000, 0x0000000100000000)
  region size 1024K, 2 young (2048K), 2 survivors (2048K)
 Metaspace       used 50409K, committed 51520K, reserved 1114112K
  class space    used 6903K, committed 7424K, reserved 1048576K
}
Event: 9.329 GC heap before
{Heap before GC invocations=18 (full 0):
 garbage-first heap   total 124928K, used 103529K [0x0000000080000000, 0x0000000100000000)
  region size 1024K, 35 young (35840K), 2 survivors (2048K)
 Metaspace       used 54454K, committed 55808K, reserved 1114112K
  class space    used 7604K, committed 8256K, reserved 1048576K
}
Event: 9.333 GC heap after
{Heap after GC invocations=19 (full 0):
 garbage-first heap   total 124928K, used 70924K [0x0000000080000000, 0x0000000100000000)
  region size 1024K, 4 young (4096K), 4 survivors (4096K)
 Metaspace       used 54454K, committed 55808K, reserved 1114112K
  class space    used 7604K, committed 8256K, reserved 1048576K
}
Event: 10.016 GC heap before
{Heap before GC invocations=19 (full 0):
 garbage-first heap   total 124928K, used 98572K [0x0000000080000000, 0x0000000100000000)
  region size 1024K, 32 young (32768K), 4 survivors (4096K)
 Metaspace       used 57476K, committed 58944K, reserved 1114112K
  class space    used 8134K, committed 8832K, reserved 1048576K
}
Event: 10.022 GC heap after
{Heap after GC invocations=20 (full 0):
 garbage-first heap   total 124928K, used 73337K [0x0000000080000000, 0x0000000100000000)
  region size 1024K, 5 young (5120K), 5 survivors (5120K)
 Metaspace       used 57476K, committed 58944K, reserved 1114112K
  class space    used 8134K, committed 8832K, reserved 1048576K
}
Event: 10.515 GC heap before
{Heap before GC invocations=21 (full 0):
 garbage-first heap   total 128000K, used 110201K [0x0000000080000000, 0x0000000100000000)
  region size 1024K, 39 young (39936K), 5 survivors (5120K)
 Metaspace       used 60789K, committed 62272K, reserved 1114112K
  class space    used 8689K, committed 9408K, reserved 1048576K
}
Event: 10.523 GC heap after
{Heap after GC invocations=22 (full 0):
 garbage-first heap   total 128000K, used 77975K [0x0000000080000000, 0x0000000100000000)
  region size 1024K, 5 young (5120K), 5 survivors (5120K)
 Metaspace       used 60789K, committed 62272K, reserved 1114112K
  class space    used 8689K, committed 9408K, reserved 1048576K
}
Event: 10.781 GC heap before
{Heap before GC invocations=22 (full 0):
 garbage-first heap   total 128000K, used 112791K [0x0000000080000000, 0x0000000100000000)
  region size 1024K, 39 young (39936K), 5 survivors (5120K)
 Metaspace       used 60892K, committed 62336K, reserved 1114112K
  class space    used 8691K, committed 9408K, reserved 1048576K
}
Event: 10.788 GC heap after
{Heap after GC invocations=23 (full 0):
 garbage-first heap   total 128000K, used 79312K [0x0000000080000000, 0x0000000100000000)
  region size 1024K, 5 young (5120K), 5 survivors (5120K)
 Metaspace       used 60892K, committed 62336K, reserved 1114112K
  class space    used 8691K, committed 9408K, reserved 1048576K
}
Event: 10.976 GC heap before
{Heap before GC invocations=23 (full 0):
 garbage-first heap   total 128000K, used 114128K [0x0000000080000000, 0x0000000100000000)
  region size 1024K, 39 young (39936K), 5 survivors (5120K)
 Metaspace       used 60911K, committed 62400K, reserved 1114112K
  class space    used 8691K, committed 9408K, reserved 1048576K
}
Event: 10.982 GC heap after
{Heap after GC invocations=24 (full 0):
 garbage-first heap   total 153600K, used 79727K [0x0000000080000000, 0x0000000100000000)
  region size 1024K, 3 young (3072K), 3 survivors (3072K)
 Metaspace       used 60911K, committed 62400K, reserved 1114112K
  class space    used 8691K, committed 9408K, reserved 1048576K
}
Event: 11.533 GC heap before
{Heap before GC invocations=25 (full 0):
 garbage-first heap   total 153600K, used 133999K [0x0000000080000000, 0x0000000100000000)
  region size 1024K, 56 young (57344K), 3 survivors (3072K)
 Metaspace       used 61890K, committed 63360K, reserved 1114112K
  class space    used 8825K, committed 9536K, reserved 1048576K
}
Event: 11.539 GC heap after
{Heap after GC invocations=26 (full 0):
 garbage-first heap   total 153600K, used 81463K [0x0000000080000000, 0x0000000100000000)
  region size 1024K, 4 young (4096K), 4 survivors (4096K)
 Metaspace       used 61890K, committed 63360K, reserved 1114112K
  class space    used 8825K, committed 9536K, reserved 1048576K
}
Event: 12.791 GC heap before
{Heap before GC invocations=26 (full 0):
 garbage-first heap   total 153600K, used 146999K [0x0000000080000000, 0x0000000100000000)
  region size 1024K, 61 young (62464K), 4 survivors (4096K)
 Metaspace       used 64414K, committed 65920K, reserved 1114112K
  class space    used 9100K, committed 9792K, reserved 1048576K
}
Event: 12.801 GC heap after
{Heap after GC invocations=27 (full 0):
 garbage-first heap   total 157696K, used 93575K [0x0000000080000000, 0x0000000100000000)
  region size 1024K, 8 young (8192K), 8 survivors (8192K)
 Metaspace       used 64414K, committed 65920K, reserved 1114112K
  class space    used 9100K, committed 9792K, reserved 1048576K
}
Event: 13.587 GC heap before
{Heap before GC invocations=27 (full 0):
 garbage-first heap   total 157696K, used 137607K [0x0000000080000000, 0x0000000100000000)
  region size 1024K, 52 young (53248K), 8 survivors (8192K)
 Metaspace       used 65102K, committed 66688K, reserved 1114112K
  class space    used 9187K, committed 9920K, reserved 1048576K
}
Event: 13.595 GC heap after
{Heap after GC invocations=28 (full 0):
 garbage-first heap   total 157696K, used 96281K [0x0000000080000000, 0x0000000100000000)
  region size 1024K, 3 young (3072K), 3 survivors (3072K)
 Metaspace       used 65102K, committed 66688K, reserved 1114112K
  class space    used 9187K, committed 9920K, reserved 1048576K
}
Event: 14.294 GC heap before
{Heap before GC invocations=29 (full 0):
 garbage-first heap   total 174080K, used 152601K [0x0000000080000000, 0x0000000100000000)
  region size 1024K, 49 young (50176K), 3 survivors (3072K)
 Metaspace       used 68334K, committed 70016K, reserved 1114112K
  class space    used 9553K, committed 10368K, reserved 1048576K
}
Event: 14.298 GC heap after
{Heap after GC invocations=30 (full 0):
 garbage-first heap   total 174080K, used 104849K [0x0000000080000000, 0x0000000100000000)
  region size 1024K, 4 young (4096K), 4 survivors (4096K)
 Metaspace       used 68334K, committed 70016K, reserved 1114112K
  class space    used 9553K, committed 10368K, reserved 1048576K
}

