# JRE version: OpenJDK Runtime Environment (21.0.8) (build 21.0.8+-14196175-b1038.72)
# Java VM: OpenJDK 64-Bit Server VM (21.0.8+-14196175-b1038.72, mixed mode, tiered, compressed oops, compressed class ptrs, g1 gc, windows-amd64)
GC Precious Log:
 CardTable entry size: 512
 Card Set container configuration: InlinePtr #cards 5 size 8 Array Of Cards #cards 12 size 40 Howl #buckets 4 coarsen threshold 1843 Howl Bitmap #cards 512 size 80 coarsen threshold 460 Card regions per heap region 1 cards per card region 2048
 CPUs: 8 total, 8 available
 Memory: 6086M
 Large Page Support: Disabled
 NUMA Support: Disabled
 Compressed Oops: Enabled (32-bit)
 Heap Region Size: 1M
 Heap Min Capacity: 8M
 Heap Initial Capacity: 96M
 Heap Max Capacity: 2G
 Pre-touch: Disabled
 Parallel Workers: 8
 Concurrent Workers: 2
 Concurrent Refinement Workers: 8
 Periodic GC: Disabled
Heap:
 garbage-first heap   total 236544K, used 197290K [0x0000000080000000, 0x0000000100000000)
  region size 1024K, 82 young (83968K), 7 survivors (7168K)
 Metaspace       used 118981K, committed 121344K, reserved 1179648K
  class space    used 16918K, committed 18048K, reserved 1048576K
GC Heap History (20 events):
Event: 26.096 GC heap before
{Heap before GC invocations=41 (full 0):
 garbage-first heap   total 153600K, used 132931K [0x0000000080000000, 0x0000000100000000)
  region size 1024K, 41 young (41984K), 3 survivors (3072K)
 Metaspace       used 92815K, committed 94784K, reserved 1179648K
  class space    used 12877K, committed 13824K, reserved 1048576K
}
Event: 26.101 GC heap after
{Heap after GC invocations=42 (full 0):
 garbage-first heap   total 153600K, used 96109K [0x0000000080000000, 0x0000000100000000)
  region size 1024K, 5 young (5120K), 5 survivors (5120K)
 Metaspace       used 92815K, committed 94784K, reserved 1179648K
  class space    used 12877K, committed 13824K, reserved 1048576K
}
Event: 27.161 GC heap before
{Heap before GC invocations=42 (full 0):
 garbage-first heap   total 153600K, used 139117K [0x0000000080000000, 0x0000000100000000)
  region size 1024K, 47 young (48128K), 5 survivors (5120K)
 Metaspace       used 95443K, committed 97408K, reserved 1179648K
  class space    used 13287K, committed 14208K, reserved 1048576K
}
Event: 27.170 GC heap after
{Heap after GC invocations=43 (full 0):
 garbage-first heap   total 153600K, used 97709K [0x0000000080000000, 0x0000000100000000)
  region size 1024K, 5 young (5120K), 5 survivors (5120K)
 Metaspace       used 95443K, committed 97408K, reserved 1179648K
  class space    used 13287K, committed 14208K, reserved 1048576K
}
Event: 27.696 GC heap before
{Heap before GC invocations=43 (full 0):
 garbage-first heap   total 153600K, used 139693K [0x0000000080000000, 0x0000000100000000)
  region size 1024K, 46 young (47104K), 5 survivors (5120K)
 Metaspace       used 95923K, committed 97920K, reserved 1179648K
  class space    used 13368K, committed 14336K, reserved 1048576K
}
Event: 27.707 GC heap after
{Heap after GC invocations=44 (full 0):
 garbage-first heap   total 153600K, used 101435K [0x0000000080000000, 0x0000000100000000)
  region size 1024K, 6 young (6144K), 6 survivors (6144K)
 Metaspace       used 95923K, committed 97920K, reserved 1179648K
  class space    used 13368K, committed 14336K, reserved 1048576K
}
Event: 28.861 GC heap before
{Heap before GC invocations=45 (full 0):
 garbage-first heap   total 171008K, used 137275K [0x0000000080000000, 0x0000000100000000)
  region size 1024K, 41 young (41984K), 6 survivors (6144K)
 Metaspace       used 96153K, committed 98112K, reserved 1179648K
  class space    used 13398K, committed 14336K, reserved 1048576K
}
Event: 28.882 GC heap after
{Heap after GC invocations=46 (full 0):
 garbage-first heap   total 171008K, used 106697K [0x0000000080000000, 0x0000000100000000)
  region size 1024K, 5 young (5120K), 5 survivors (5120K)
 Metaspace       used 96153K, committed 98112K, reserved 1179648K
  class space    used 13398K, committed 14336K, reserved 1048576K
}
Event: 30.255 GC heap before
{Heap before GC invocations=46 (full 0):
 garbage-first heap   total 171008K, used 155849K [0x0000000080000000, 0x0000000100000000)
  region size 1024K, 52 young (53248K), 5 survivors (5120K)
 Metaspace       used 99853K, committed 101952K, reserved 1179648K
  class space    used 13917K, committed 14912K, reserved 1048576K
}
Event: 30.265 GC heap after
{Heap after GC invocations=47 (full 0):
 garbage-first heap   total 171008K, used 108444K [0x0000000080000000, 0x0000000100000000)
  region size 1024K, 3 young (3072K), 3 survivors (3072K)
 Metaspace       used 99853K, committed 101952K, reserved 1179648K
  class space    used 13917K, committed 14912K, reserved 1048576K
}
Event: 37.107 GC heap before
{Heap before GC invocations=47 (full 0):
 garbage-first heap   total 171008K, used 157596K [0x0000000080000000, 0x0000000100000000)
  region size 1024K, 51 young (52224K), 3 survivors (3072K)
 Metaspace       used 103880K, committed 105920K, reserved 1179648K
  class space    used 14656K, committed 15616K, reserved 1048576K
}
Event: 37.478 GC heap after
{Heap after GC invocations=48 (full 0):
 garbage-first heap   total 171008K, used 109069K [0x0000000080000000, 0x0000000100000000)
  region size 1024K, 4 young (4096K), 4 survivors (4096K)
 Metaspace       used 103880K, committed 105920K, reserved 1179648K
  class space    used 14656K, committed 15616K, reserved 1048576K
}
Event: 46.884 GC heap before
{Heap before GC invocations=49 (full 0):
 garbage-first heap   total 183296K, used 156173K [0x0000000080000000, 0x0000000100000000)
  region size 1024K, 50 young (51200K), 4 survivors (4096K)
 Metaspace       used 106771K, committed 108864K, reserved 1179648K
  class space    used 15129K, committed 16128K, reserved 1048576K
}
Event: 46.892 GC heap after
{Heap after GC invocations=50 (full 0):
 garbage-first heap   total 183296K, used 111396K [0x0000000080000000, 0x0000000100000000)
  region size 1024K, 6 young (6144K), 6 survivors (6144K)
 Metaspace       used 106771K, committed 108864K, reserved 1179648K
  class space    used 15129K, committed 16128K, reserved 1048576K
}
Event: 48.802 GC heap before
{Heap before GC invocations=50 (full 0):
 garbage-first heap   total 183296K, used 166692K [0x0000000080000000, 0x0000000100000000)
  region size 1024K, 60 young (61440K), 6 survivors (6144K)
 Metaspace       used 109541K, committed 111872K, reserved 1179648K
  class space    used 15546K, committed 16640K, reserved 1048576K
}
Event: 48.817 GC heap after
{Heap after GC invocations=51 (full 0):
 garbage-first heap   total 183296K, used 113891K [0x0000000080000000, 0x0000000100000000)
  region size 1024K, 8 young (8192K), 8 survivors (8192K)
 Metaspace       used 109541K, committed 111872K, reserved 1179648K
  class space    used 15546K, committed 16640K, reserved 1048576K
}
Event: 51.998 GC heap before
{Heap before GC invocations=51 (full 0):
 garbage-first heap   total 183296K, used 164067K [0x0000000080000000, 0x0000000100000000)
  region size 1024K, 57 young (58368K), 8 survivors (8192K)
 Metaspace       used 114365K, committed 116608K, reserved 1179648K
  class space    used 16232K, committed 17280K, reserved 1048576K
}
Event: 52.013 GC heap after
{Heap after GC invocations=52 (full 0):
 garbage-first heap   total 183296K, used 117256K [0x0000000080000000, 0x0000000100000000)
  region size 1024K, 3 young (3072K), 3 survivors (3072K)
 Metaspace       used 114365K, committed 116608K, reserved 1179648K
  class space    used 16232K, committed 17280K, reserved 1048576K
}
Event: 53.703 GC heap before
{Heap before GC invocations=53 (full 0):
 garbage-first heap   total 196608K, used 168456K [0x0000000080000000, 0x0000000100000000)
  region size 1024K, 53 young (54272K), 3 survivors (3072K)
 Metaspace       used 116668K, committed 119040K, reserved 1179648K
  class space    used 16576K, committed 17728K, reserved 1048576K
}
Event: 53.718 GC heap after
{Heap after GC invocations=54 (full 0):
 garbage-first heap   total 236544K, used 121514K [0x0000000080000000, 0x0000000100000000)
  region size 1024K, 7 young (7168K), 7 survivors (7168K)
 Metaspace       used 116668K, committed 119040K, reserved 1179648K
  class space    used 16576K, committed 17728K, reserved 1048576K
}

