# JRE version: OpenJDK Runtime Environment (21.0.8) (build 21.0.8+-14196175-b1038.72)
# Java VM: OpenJDK 64-Bit Server VM (21.0.8+-14196175-b1038.72, mixed mode, tiered, compressed oops, compressed class ptrs, g1 gc, windows-amd64)
GC Precious Log:
 CardTable entry size: 512
 Card Set container configuration: InlinePtr #cards 5 size 8 Array Of Cards #cards 12 size 40 Howl #buckets 4 coarsen threshold 1843 Howl Bitmap #cards 512 size 80 coarsen threshold 460 Card regions per heap region 1 cards per card region 2048
 CPUs: 8 total, 8 available
 Memory: 6086M
 Large Page Support: Disabled
 NUMA Support: Disabled
 Compressed Oops: Enabled (32-bit)
 Heap Region Size: 1M
 Heap Min Capacity: 8M
 Heap Initial Capacity: 96M
 Heap Max Capacity: 1522M
 Pre-touch: Disabled
 Parallel Workers: 8
 Concurrent Workers: 2
 Concurrent Refinement Workers: 8
 Periodic GC: Disabled
Heap:
 garbage-first heap   total 69632K, used 44306K [0x00000000a0e00000, 0x0000000100000000)
  region size 1024K, 23 young (23552K), 3 survivors (3072K)
 Metaspace       used 42750K, committed 43008K, reserved 1114112K
  class space    used 5117K, committed 5184K, reserved 1048576K
GC Heap History (18 events):
Event: 1.529 GC heap before
{Heap before GC invocations=0 (full 0):
 garbage-first heap   total 98304K, used 26624K [0x00000000a0e00000, 0x0000000100000000)
  region size 1024K, 23 young (23552K), 0 survivors (0K)
 Metaspace       used 14235K, committed 14400K, reserved 1114112K
  class space    used 1386K, committed 1472K, reserved 1048576K
}
Event: 1.536 GC heap after
{Heap after GC invocations=1 (full 0):
 garbage-first heap   total 98304K, used 6304K [0x00000000a0e00000, 0x0000000100000000)
  region size 1024K, 3 young (3072K), 3 survivors (3072K)
 Metaspace       used 14235K, committed 14400K, reserved 1114112K
  class space    used 1386K, committed 1472K, reserved 1048576K
}
Event: 2.077 GC heap before
{Heap before GC invocations=1 (full 0):
 garbage-first heap   total 98304K, used 26784K [0x00000000a0e00000, 0x0000000100000000)
  region size 1024K, 25 young (25600K), 3 survivors (3072K)
 Metaspace       used 21278K, committed 21504K, reserved 1114112K
  class space    used 2241K, committed 2368K, reserved 1048576K
}
Event: 2.085 GC heap after
{Heap after GC invocations=2 (full 0):
 garbage-first heap   total 98304K, used 7514K [0x00000000a0e00000, 0x0000000100000000)
  region size 1024K, 2 young (2048K), 2 survivors (2048K)
 Metaspace       used 21278K, committed 21504K, reserved 1114112K
  class space    used 2241K, committed 2368K, reserved 1048576K
}
Event: 2.541 GC heap before
{Heap before GC invocations=3 (full 0):
 garbage-first heap   total 27648K, used 26970K [0x00000000a0e00000, 0x0000000100000000)
  region size 1024K, 21 young (21504K), 2 survivors (2048K)
 Metaspace       used 25444K, committed 25728K, reserved 1114112K
  class space    used 2761K, committed 2880K, reserved 1048576K
}
Event: 2.552 GC heap after
{Heap after GC invocations=4 (full 0):
 garbage-first heap   total 33792K, used 11544K [0x00000000a0e00000, 0x0000000100000000)
  region size 1024K, 6 young (6144K), 6 survivors (6144K)
 Metaspace       used 25444K, committed 25728K, reserved 1114112K
  class space    used 2761K, committed 2880K, reserved 1048576K
}
Event: 2.649 GC heap before
{Heap before GC invocations=4 (full 0):
 garbage-first heap   total 33792K, used 23832K [0x00000000a0e00000, 0x0000000100000000)
  region size 1024K, 18 young (18432K), 6 survivors (6144K)
 Metaspace       used 25464K, committed 25728K, reserved 1114112K
  class space    used 2761K, committed 2880K, reserved 1048576K
}
Event: 2.665 GC heap after
{Heap after GC invocations=5 (full 0):
 garbage-first heap   total 36864K, used 17665K [0x00000000a0e00000, 0x0000000100000000)
  region size 1024K, 3 young (3072K), 3 survivors (3072K)
 Metaspace       used 25464K, committed 25728K, reserved 1114112K
  class space    used 2761K, committed 2880K, reserved 1048576K
}
Event: 2.845 GC heap before
{Heap before GC invocations=5 (full 0):
 garbage-first heap   total 36864K, used 25857K [0x00000000a0e00000, 0x0000000100000000)
  region size 1024K, 12 young (12288K), 3 survivors (3072K)
 Metaspace       used 26478K, committed 26688K, reserved 1114112K
  class space    used 2895K, committed 3008K, reserved 1048576K
}
Event: 2.856 GC heap after
{Heap after GC invocations=6 (full 0):
 garbage-first heap   total 36864K, used 20992K [0x00000000a0e00000, 0x0000000100000000)
  region size 1024K, 2 young (2048K), 2 survivors (2048K)
 Metaspace       used 26478K, committed 26688K, reserved 1114112K
  class space    used 2895K, committed 3008K, reserved 1048576K
}
Event: 3.077 GC heap before
{Heap before GC invocations=6 (full 0):
 garbage-first heap   total 36864K, used 28160K [0x00000000a0e00000, 0x0000000100000000)
  region size 1024K, 9 young (9216K), 2 survivors (2048K)
 Metaspace       used 28000K, committed 28288K, reserved 1114112K
  class space    used 3063K, committed 3200K, reserved 1048576K
}
Event: 3.083 GC heap after
{Heap after GC invocations=7 (full 0):
 garbage-first heap   total 36864K, used 23113K [0x00000000a0e00000, 0x0000000100000000)
  region size 1024K, 2 young (2048K), 2 survivors (2048K)
 Metaspace       used 28000K, committed 28288K, reserved 1114112K
  class space    used 3063K, committed 3200K, reserved 1048576K
}
Event: 3.258 GC heap before
{Heap before GC invocations=8 (full 0):
 garbage-first heap   total 39936K, used 30281K [0x00000000a0e00000, 0x0000000100000000)
  region size 1024K, 9 young (9216K), 2 survivors (2048K)
 Metaspace       used 28403K, committed 28608K, reserved 1114112K
  class space    used 3120K, committed 3200K, reserved 1048576K
}
Event: 3.263 GC heap after
{Heap after GC invocations=9 (full 0):
 garbage-first heap   total 39936K, used 23886K [0x00000000a0e00000, 0x0000000100000000)
  region size 1024K, 2 young (2048K), 2 survivors (2048K)
 Metaspace       used 28403K, committed 28608K, reserved 1114112K
  class space    used 3120K, committed 3200K, reserved 1048576K
}
Event: 3.509 GC heap before
{Heap before GC invocations=9 (full 0):
 garbage-first heap   total 39936K, used 31054K [0x00000000a0e00000, 0x0000000100000000)
  region size 1024K, 10 young (10240K), 2 survivors (2048K)
 Metaspace       used 30836K, committed 31040K, reserved 1114112K
  class space    used 3437K, committed 3520K, reserved 1048576K
}
Event: 3.514 GC heap after
{Heap after GC invocations=10 (full 0):
 garbage-first heap   total 69632K, used 24052K [0x00000000a0e00000, 0x0000000100000000)
  region size 1024K, 1 young (1024K), 1 survivors (1024K)
 Metaspace       used 30836K, committed 31040K, reserved 1114112K
  class space    used 3437K, committed 3520K, reserved 1048576K
}
Event: 4.175 GC heap before
{Heap before GC invocations=10 (full 0):
 garbage-first heap   total 69632K, used 47604K [0x00000000a0e00000, 0x0000000100000000)
  region size 1024K, 25 young (25600K), 1 survivors (1024K)
 Metaspace       used 37164K, committed 37376K, reserved 1114112K
  class space    used 4559K, committed 4672K, reserved 1048576K
}
Event: 4.181 GC heap after
{Heap after GC invocations=11 (full 0):
 garbage-first heap   total 69632K, used 25874K [0x00000000a0e00000, 0x0000000100000000)
  region size 1024K, 3 young (3072K), 3 survivors (3072K)
 Metaspace       used 37164K, committed 37376K, reserved 1114112K
  class space    used 4559K, committed 4672K, reserved 1048576K
}

