# JRE version: OpenJDK Runtime Environment (21.0.8) (build 21.0.8+-14196175-b1038.72)
# Java VM: OpenJDK 64-Bit Server VM (21.0.8+-14196175-b1038.72, mixed mode, tiered, compressed oops, compressed class ptrs, g1 gc, windows-amd64)
GC Precious Log:
 CardTable entry size: 512
 Card Set container configuration: InlinePtr #cards 5 size 8 Array Of Cards #cards 12 size 40 Howl #buckets 4 coarsen threshold 1843 Howl Bitmap #cards 512 size 80 coarsen threshold 460 Card regions per heap region 1 cards per card region 2048
 CPUs: 8 total, 8 available
 Memory: 6086M
 Large Page Support: Disabled
 NUMA Support: Disabled
 Compressed Oops: Enabled (32-bit)
 Heap Region Size: 1M
 Heap Min Capacity: 8M
 Heap Initial Capacity: 96M
 Heap Max Capacity: 1522M
 Pre-touch: Disabled
 Parallel Workers: 8
 Concurrent Workers: 2
 Concurrent Refinement Workers: 8
 Periodic GC: Disabled
Heap:
 garbage-first heap   total 236544K, used 196770K [0x00000000a0e00000, 0x0000000100000000)
  region size 1024K, 67 young (68608K), 6 survivors (6144K)
 Metaspace       used 74414K, committed 74752K, reserved 1179648K
  class space    used 8034K, committed 8192K, reserved 1048576K
GC Heap History (20 events):
Event: 8.283 GC heap before
{Heap before GC invocations=20 (full 0):
 garbage-first heap   total 87040K, used 71156K [0x00000000a0e00000, 0x0000000100000000)
  region size 1024K, 22 young (22528K), 3 survivors (3072K)
 Metaspace       used 50497K, committed 50752K, reserved 1114112K
  class space    used 5891K, committed 6016K, reserved 1048576K
}
Event: 8.299 GC heap after
{Heap after GC invocations=21 (full 0):
 garbage-first heap   total 87040K, used 58442K [0x00000000a0e00000, 0x0000000100000000)
  region size 1024K, 3 young (3072K), 3 survivors (3072K)
 Metaspace       used 50497K, committed 50752K, reserved 1114112K
  class space    used 5891K, committed 6016K, reserved 1048576K
}
Event: 8.376 GC heap before
{Heap before GC invocations=21 (full 0):
 garbage-first heap   total 87040K, used 73802K [0x00000000a0e00000, 0x0000000100000000)
  region size 1024K, 18 young (18432K), 3 survivors (3072K)
 Metaspace       used 50512K, committed 50816K, reserved 1114112K
  class space    used 5891K, committed 6016K, reserved 1048576K
}
Event: 8.383 GC heap after
{Heap after GC invocations=22 (full 0):
 garbage-first heap   total 87040K, used 61940K [0x00000000a0e00000, 0x0000000100000000)
  region size 1024K, 3 young (3072K), 3 survivors (3072K)
 Metaspace       used 50512K, committed 50816K, reserved 1114112K
  class space    used 5891K, committed 6016K, reserved 1048576K
}
Event: 8.438 GC heap before
{Heap before GC invocations=22 (full 0):
 garbage-first heap   total 87040K, used 76276K [0x00000000a0e00000, 0x0000000100000000)
  region size 1024K, 17 young (17408K), 3 survivors (3072K)
 Metaspace       used 50512K, committed 50816K, reserved 1114112K
  class space    used 5891K, committed 6016K, reserved 1048576K
}
Event: 8.444 GC heap after
{Heap after GC invocations=23 (full 0):
 garbage-first heap   total 87040K, used 65253K [0x00000000a0e00000, 0x0000000100000000)
  region size 1024K, 3 young (3072K), 3 survivors (3072K)
 Metaspace       used 50512K, committed 50816K, reserved 1114112K
  class space    used 5891K, committed 6016K, reserved 1048576K
}
Event: 8.521 GC heap before
{Heap before GC invocations=24 (full 0):
 garbage-first heap   total 109568K, used 77541K [0x00000000a0e00000, 0x0000000100000000)
  region size 1024K, 15 young (15360K), 3 survivors (3072K)
 Metaspace       used 50512K, committed 50816K, reserved 1114112K
  class space    used 5891K, committed 6016K, reserved 1048576K
}
Event: 8.527 GC heap after
{Heap after GC invocations=25 (full 0):
 garbage-first heap   total 109568K, used 67572K [0x00000000a0e00000, 0x0000000100000000)
  region size 1024K, 2 young (2048K), 2 survivors (2048K)
 Metaspace       used 50512K, committed 50816K, reserved 1114112K
  class space    used 5891K, committed 6016K, reserved 1048576K
}
Event: 8.620 GC heap before
{Heap before GC invocations=25 (full 0):
 garbage-first heap   total 109568K, used 93172K [0x00000000a0e00000, 0x0000000100000000)
  region size 1024K, 27 young (27648K), 2 survivors (2048K)
 Metaspace       used 50512K, committed 50816K, reserved 1114112K
  class space    used 5891K, committed 6016K, reserved 1048576K
}
Event: 8.629 GC heap after
{Heap after GC invocations=26 (full 0):
 garbage-first heap   total 236544K, used 72618K [0x00000000a0e00000, 0x0000000100000000)
  region size 1024K, 4 young (4096K), 4 survivors (4096K)
 Metaspace       used 50512K, committed 50816K, reserved 1114112K
  class space    used 5891K, committed 6016K, reserved 1048576K
}
Event: 10.082 GC heap before
{Heap before GC invocations=26 (full 0):
 garbage-first heap   total 236544K, used 163754K [0x00000000a0e00000, 0x0000000100000000)
  region size 1024K, 94 young (96256K), 4 survivors (4096K)
 Metaspace       used 54602K, committed 54912K, reserved 1114112K
  class space    used 6377K, committed 6528K, reserved 1048576K
}
Event: 10.101 GC heap after
{Heap after GC invocations=27 (full 0):
 garbage-first heap   total 236544K, used 90386K [0x00000000a0e00000, 0x0000000100000000)
  region size 1024K, 12 young (12288K), 12 survivors (12288K)
 Metaspace       used 54602K, committed 54912K, reserved 1114112K
  class space    used 6377K, committed 6528K, reserved 1048576K
}
Event: 12.069 GC heap before
{Heap before GC invocations=27 (full 0):
 garbage-first heap   total 236544K, used 173330K [0x00000000a0e00000, 0x0000000100000000)
  region size 1024K, 93 young (95232K), 12 survivors (12288K)
 Metaspace       used 57610K, committed 57920K, reserved 1114112K
  class space    used 6636K, committed 6784K, reserved 1048576K
}
Event: 12.100 GC heap after
{Heap after GC invocations=28 (full 0):
 garbage-first heap   total 236544K, used 107299K [0x00000000a0e00000, 0x0000000100000000)
  region size 1024K, 12 young (12288K), 12 survivors (12288K)
 Metaspace       used 57610K, committed 57920K, reserved 1114112K
  class space    used 6636K, committed 6784K, reserved 1048576K
}
Event: 14.252 GC heap before
{Heap before GC invocations=28 (full 0):
 garbage-first heap   total 236544K, used 184099K [0x00000000a0e00000, 0x0000000100000000)
  region size 1024K, 87 young (89088K), 12 survivors (12288K)
 Metaspace       used 58943K, committed 59264K, reserved 1114112K
  class space    used 6676K, committed 6848K, reserved 1048576K
}
Event: 14.297 GC heap after
{Heap after GC invocations=29 (full 0):
 garbage-first heap   total 236544K, used 115700K [0x00000000a0e00000, 0x0000000100000000)
  region size 1024K, 7 young (7168K), 7 survivors (7168K)
 Metaspace       used 58943K, committed 59264K, reserved 1114112K
  class space    used 6676K, committed 6848K, reserved 1048576K
}
Event: 16.424 GC heap before
{Heap before GC invocations=29 (full 0):
 garbage-first heap   total 236544K, used 195572K [0x00000000a0e00000, 0x0000000100000000)
  region size 1024K, 85 young (87040K), 7 survivors (7168K)
 Metaspace       used 63213K, committed 63552K, reserved 1114112K
  class space    used 7014K, committed 7168K, reserved 1048576K
}
Event: 16.451 GC heap after
{Heap after GC invocations=30 (full 0):
 garbage-first heap   total 236544K, used 130005K [0x00000000a0e00000, 0x0000000100000000)
  region size 1024K, 11 young (11264K), 11 survivors (11264K)
 Metaspace       used 63213K, committed 63552K, reserved 1114112K
  class space    used 7014K, committed 7168K, reserved 1048576K
}
Event: 17.471 GC heap before
{Heap before GC invocations=30 (full 0):
 garbage-first heap   total 236544K, used 166869K [0x00000000a0e00000, 0x0000000100000000)
  region size 1024K, 48 young (49152K), 11 survivors (11264K)
 Metaspace       used 68835K, committed 69120K, reserved 1114112K
  class space    used 7561K, committed 7680K, reserved 1048576K
}
Event: 17.493 GC heap after
{Heap after GC invocations=31 (full 0):
 garbage-first heap   total 236544K, used 136354K [0x00000000a0e00000, 0x0000000100000000)
  region size 1024K, 6 young (6144K), 6 survivors (6144K)
 Metaspace       used 68835K, committed 69120K, reserved 1114112K
  class space    used 7561K, committed 7680K, reserved 1048576K
}

