# JRE version: OpenJDK Runtime Environment (21.0.8) (build 21.0.8+-14196175-b1038.72)
# Java VM: OpenJDK 64-Bit Server VM (21.0.8+-14196175-b1038.72, mixed mode, tiered, compressed oops, compressed class ptrs, g1 gc, windows-amd64)
GC Precious Log:
 CardTable entry size: 512
 Card Set container configuration: InlinePtr #cards 5 size 8 Array Of Cards #cards 12 size 40 Howl #buckets 4 coarsen threshold 1843 Howl Bitmap #cards 512 size 80 coarsen threshold 460 Card regions per heap region 1 cards per card region 2048
 CPUs: 8 total, 8 available
 Memory: 6086M
 Large Page Support: Disabled
 NUMA Support: Disabled
 Compressed Oops: Enabled (32-bit)
 Heap Region Size: 1M
 Heap Min Capacity: 8M
 Heap Initial Capacity: 96M
 Heap Max Capacity: 2G
 Pre-touch: Disabled
 Parallel Workers: 8
 Concurrent Workers: 2
 Concurrent Refinement Workers: 8
 Periodic GC: Disabled
Heap:
 garbage-first heap   total 111616K, used 75033K [0x0000000080000000, 0x0000000100000000)
  region size 1024K, 7 young (7168K), 4 survivors (4096K)
 Metaspace       used 55921K, committed 57344K, reserved 1114112K
  class space    used 7847K, committed 8576K, reserved 1048576K
GC Heap History (20 events):
Event: 3.558 GC heap before
{Heap before GC invocations=3 (full 0):
 garbage-first heap   total 98304K, used 38531K [0x0000000080000000, 0x0000000100000000)
  region size 1024K, 27 young (27648K), 5 survivors (5120K)
 Metaspace       used 21208K, committed 21504K, reserved 1114112K
  class space    used 2517K, committed 2624K, reserved 1048576K
}
Event: 3.563 GC heap after
{Heap after GC invocations=4 (full 0):
 garbage-first heap   total 98304K, used 19929K [0x0000000080000000, 0x0000000100000000)
  region size 1024K, 4 young (4096K), 4 survivors (4096K)
 Metaspace       used 21208K, committed 21504K, reserved 1114112K
  class space    used 2517K, committed 2624K, reserved 1048576K
}
Event: 4.514 GC heap before
{Heap before GC invocations=5 (full 0):
 garbage-first heap   total 71680K, used 58841K [0x0000000080000000, 0x0000000100000000)
  region size 1024K, 42 young (43008K), 4 survivors (4096K)
 Metaspace       used 28006K, committed 28544K, reserved 1114112K
  class space    used 3587K, committed 3840K, reserved 1048576K
}
Event: 4.520 GC heap after
{Heap after GC invocations=6 (full 0):
 garbage-first heap   total 71680K, used 22147K [0x0000000080000000, 0x0000000100000000)
  region size 1024K, 3 young (3072K), 3 survivors (3072K)
 Metaspace       used 28006K, committed 28544K, reserved 1114112K
  class space    used 3587K, committed 3840K, reserved 1048576K
}
Event: 5.241 GC heap before
{Heap before GC invocations=6 (full 0):
 garbage-first heap   total 71680K, used 55939K [0x0000000080000000, 0x0000000100000000)
  region size 1024K, 36 young (36864K), 3 survivors (3072K)
 Metaspace       used 32461K, committed 33152K, reserved 1114112K
  class space    used 4405K, committed 4736K, reserved 1048576K
}
Event: 5.247 GC heap after
{Heap after GC invocations=7 (full 0):
 garbage-first heap   total 71680K, used 24270K [0x0000000080000000, 0x0000000100000000)
  region size 1024K, 5 young (5120K), 5 survivors (5120K)
 Metaspace       used 32461K, committed 33152K, reserved 1114112K
  class space    used 4405K, committed 4736K, reserved 1048576K
}
Event: 5.940 GC heap before
{Heap before GC invocations=7 (full 0):
 garbage-first heap   total 71680K, used 43726K [0x0000000080000000, 0x0000000100000000)
  region size 1024K, 25 young (25600K), 5 survivors (5120K)
 Metaspace       used 35220K, committed 35968K, reserved 1114112K
  class space    used 4900K, committed 5248K, reserved 1048576K
}
Event: 5.945 GC heap after
{Heap after GC invocations=8 (full 0):
 garbage-first heap   total 71680K, used 25922K [0x0000000080000000, 0x0000000100000000)
  region size 1024K, 4 young (4096K), 4 survivors (4096K)
 Metaspace       used 35220K, committed 35968K, reserved 1114112K
  class space    used 4900K, committed 5248K, reserved 1048576K
}
Event: 6.411 GC heap before
{Heap before GC invocations=9 (full 0):
 garbage-first heap   total 75776K, used 74050K [0x0000000080000000, 0x0000000100000000)
  region size 1024K, 24 young (24576K), 4 survivors (4096K)
 Metaspace       used 37091K, committed 38016K, reserved 1114112K
  class space    used 5239K, committed 5696K, reserved 1048576K
}
Event: 6.419 GC heap after
{Heap after GC invocations=10 (full 0):
 garbage-first heap   total 103424K, used 60862K [0x0000000080000000, 0x0000000100000000)
  region size 1024K, 5 young (5120K), 5 survivors (5120K)
 Metaspace       used 37091K, committed 38016K, reserved 1114112K
  class space    used 5239K, committed 5696K, reserved 1048576K
}
Event: 7.038 GC heap before
{Heap before GC invocations=10 (full 0):
 garbage-first heap   total 103424K, used 90558K [0x0000000080000000, 0x0000000100000000)
  region size 1024K, 34 young (34816K), 5 survivors (5120K)
 Metaspace       used 41307K, committed 42240K, reserved 1114112K
  class space    used 5892K, committed 6336K, reserved 1048576K
}
Event: 7.043 GC heap after
{Heap after GC invocations=11 (full 0):
 garbage-first heap   total 103424K, used 62608K [0x0000000080000000, 0x0000000100000000)
  region size 1024K, 2 young (2048K), 2 survivors (2048K)
 Metaspace       used 41307K, committed 42240K, reserved 1114112K
  class space    used 5892K, committed 6336K, reserved 1048576K
}
Event: 7.620 GC heap before
{Heap before GC invocations=11 (full 0):
 garbage-first heap   total 103424K, used 91280K [0x0000000080000000, 0x0000000100000000)
  region size 1024K, 31 young (31744K), 2 survivors (2048K)
 Metaspace       used 46469K, committed 47424K, reserved 1114112K
  class space    used 6404K, committed 6848K, reserved 1048576K
}
Event: 7.626 GC heap after
{Heap after GC invocations=12 (full 0):
 garbage-first heap   total 103424K, used 66008K [0x0000000080000000, 0x0000000100000000)
  region size 1024K, 4 young (4096K), 4 survivors (4096K)
 Metaspace       used 46469K, committed 47424K, reserved 1114112K
  class space    used 6404K, committed 6848K, reserved 1048576K
}
Event: 8.145 GC heap before
{Heap before GC invocations=13 (full 0):
 garbage-first heap   total 111616K, used 96728K [0x0000000080000000, 0x0000000100000000)
  region size 1024K, 30 young (30720K), 4 survivors (4096K)
 Metaspace       used 48652K, committed 49664K, reserved 1114112K
  class space    used 6614K, committed 7104K, reserved 1048576K
}
Event: 8.151 GC heap after
{Heap after GC invocations=14 (full 0):
 garbage-first heap   total 111616K, used 69566K [0x0000000080000000, 0x0000000100000000)
  region size 1024K, 4 young (4096K), 4 survivors (4096K)
 Metaspace       used 48652K, committed 49664K, reserved 1114112K
  class space    used 6614K, committed 7104K, reserved 1048576K
}
Event: 8.773 GC heap before
{Heap before GC invocations=14 (full 0):
 garbage-first heap   total 111616K, used 98238K [0x0000000080000000, 0x0000000100000000)
  region size 1024K, 33 young (33792K), 4 survivors (4096K)
 Metaspace       used 51829K, committed 53120K, reserved 1114112K
  class space    used 7164K, committed 7808K, reserved 1048576K
}
Event: 8.778 GC heap after
{Heap after GC invocations=15 (full 0):
 garbage-first heap   total 111616K, used 71434K [0x0000000080000000, 0x0000000100000000)
  region size 1024K, 2 young (2048K), 2 survivors (2048K)
 Metaspace       used 51829K, committed 53120K, reserved 1114112K
  class space    used 7164K, committed 7808K, reserved 1048576K
}
Event: 9.309 GC heap before
{Heap before GC invocations=15 (full 0):
 garbage-first heap   total 111616K, used 101130K [0x0000000080000000, 0x0000000100000000)
  region size 1024K, 31 young (31744K), 2 survivors (2048K)
 Metaspace       used 55641K, committed 57152K, reserved 1114112K
  class space    used 7809K, committed 8576K, reserved 1048576K
}
Event: 9.314 GC heap after
{Heap after GC invocations=16 (full 0):
 garbage-first heap   total 111616K, used 72985K [0x0000000080000000, 0x0000000100000000)
  region size 1024K, 4 young (4096K), 4 survivors (4096K)
 Metaspace       used 55641K, committed 57152K, reserved 1114112K
  class space    used 7809K, committed 8576K, reserved 1048576K
}

