# JRE version: OpenJDK Runtime Environment (21.0.8) (build 21.0.8+-14196175-b1038.72)
# Java VM: OpenJDK 64-Bit Server VM (21.0.8+-14196175-b1038.72, mixed mode, tiered, compressed oops, compressed class ptrs, g1 gc, windows-amd64)
GC Precious Log:
 CardTable entry size: 512
 Card Set container configuration: InlinePtr #cards 5 size 8 Array Of Cards #cards 12 size 40 Howl #buckets 4 coarsen threshold 1843 Howl Bitmap #cards 512 size 80 coarsen threshold 460 Card regions per heap region 1 cards per card region 2048
 CPUs: 8 total, 8 available
 Memory: 6086M
 Large Page Support: Disabled
 NUMA Support: Disabled
 Compressed Oops: Enabled (32-bit)
 Heap Region Size: 1M
 Heap Min Capacity: 8M
 Heap Initial Capacity: 96M
 Heap Max Capacity: 2G
 Pre-touch: Disabled
 Parallel Workers: 8
 Concurrent Workers: 2
 Concurrent Refinement Workers: 8
 Periodic GC: Disabled
Heap:
 garbage-first heap   total 321536K, used 191336K [0x0000000080000000, 0x0000000100000000)
  region size 1024K, 6 young (6144K), 6 survivors (6144K)
 Metaspace       used 158030K, committed 160640K, reserved 1245184K
  class space    used 21973K, committed 23232K, reserved 1048576K
GC Heap History (20 events):
Event: 65.417 GC heap after
{Heap after GC invocations=64 (full 0):
 garbage-first heap   total 247808K, used 152327K [0x0000000080000000, 0x0000000100000000)
  region size 1024K, 8 young (8192K), 8 survivors (8192K)
 Metaspace       used 121309K, committed 123648K, reserved 1179648K
  class space    used 17215K, committed 18368K, reserved 1048576K
}
Event: 67.670 GC heap before
{Heap before GC invocations=65 (full 0):
 garbage-first heap   total 256000K, used 229127K [0x0000000080000000, 0x0000000100000000)
  region size 1024K, 79 young (80896K), 8 survivors (8192K)
 Metaspace       used 122790K, committed 125120K, reserved 1179648K
  class space    used 17304K, committed 18432K, reserved 1048576K
}
Event: 67.687 GC heap after
{Heap after GC invocations=66 (full 0):
 garbage-first heap   total 256000K, used 154553K [0x0000000080000000, 0x0000000100000000)
  region size 1024K, 5 young (5120K), 5 survivors (5120K)
 Metaspace       used 122790K, committed 125120K, reserved 1179648K
  class space    used 17304K, committed 18432K, reserved 1048576K
}
Event: 74.833 GC heap before
{Heap before GC invocations=66 (full 0):
 garbage-first heap   total 256000K, used 238521K [0x0000000080000000, 0x0000000100000000)
  region size 1024K, 85 young (87040K), 5 survivors (5120K)
 Metaspace       used 125959K, committed 128384K, reserved 1179648K
  class space    used 17671K, committed 18816K, reserved 1048576K
}
Event: 74.866 GC heap after
{Heap after GC invocations=67 (full 0):
 garbage-first heap   total 256000K, used 160518K [0x0000000080000000, 0x0000000100000000)
  region size 1024K, 11 young (11264K), 11 survivors (11264K)
 Metaspace       used 125959K, committed 128384K, reserved 1179648K
  class space    used 17671K, committed 18816K, reserved 1048576K
}
Event: 77.031 GC heap before
{Heap before GC invocations=67 (full 0):
 garbage-first heap   total 256000K, used 230150K [0x0000000080000000, 0x0000000100000000)
  region size 1024K, 80 young (81920K), 11 survivors (11264K)
 Metaspace       used 129798K, committed 132224K, reserved 1179648K
  class space    used 18030K, committed 19200K, reserved 1048576K
}
Event: 77.051 GC heap after
{Heap after GC invocations=68 (full 0):
 garbage-first heap   total 256000K, used 157430K [0x0000000080000000, 0x0000000100000000)
  region size 1024K, 3 young (3072K), 3 survivors (3072K)
 Metaspace       used 129798K, committed 132224K, reserved 1179648K
  class space    used 18030K, committed 19200K, reserved 1048576K
}
Event: 80.680 GC heap before
{Heap before GC invocations=69 (full 0):
 garbage-first heap   total 265216K, used 238326K [0x0000000080000000, 0x0000000100000000)
  region size 1024K, 81 young (82944K), 3 survivors (3072K)
 Metaspace       used 135481K, committed 137984K, reserved 1179648K
  class space    used 18553K, committed 19776K, reserved 1048576K
}
Event: 80.699 GC heap after
{Heap after GC invocations=70 (full 0):
 garbage-first heap   total 265216K, used 159348K [0x0000000080000000, 0x0000000100000000)
  region size 1024K, 5 young (5120K), 5 survivors (5120K)
 Metaspace       used 135481K, committed 137984K, reserved 1179648K
  class space    used 18553K, committed 19776K, reserved 1048576K
}
Event: 85.120 GC heap before
{Heap before GC invocations=70 (full 0):
 garbage-first heap   total 265216K, used 243316K [0x0000000080000000, 0x0000000100000000)
  region size 1024K, 88 young (90112K), 5 survivors (5120K)
 Metaspace       used 140508K, committed 142976K, reserved 1179648K
  class space    used 19219K, committed 20416K, reserved 1048576K
}
Event: 85.274 GC heap after
{Heap after GC invocations=71 (full 0):
 garbage-first heap   total 265216K, used 166717K [0x0000000080000000, 0x0000000100000000)
  region size 1024K, 11 young (11264K), 11 survivors (11264K)
 Metaspace       used 140508K, committed 142976K, reserved 1179648K
  class space    used 19219K, committed 20416K, reserved 1048576K
}
Event: 87.615 GC heap before
{Heap before GC invocations=71 (full 0):
 garbage-first heap   total 265216K, used 238397K [0x0000000080000000, 0x0000000100000000)
  region size 1024K, 82 young (83968K), 11 survivors (11264K)
 Metaspace       used 141650K, committed 144128K, reserved 1179648K
  class space    used 19383K, committed 20608K, reserved 1048576K
}
Event: 87.737 GC heap after
{Heap after GC invocations=72 (full 0):
 garbage-first heap   total 265216K, used 171619K [0x0000000080000000, 0x0000000100000000)
  region size 1024K, 6 young (6144K), 6 survivors (6144K)
 Metaspace       used 141650K, committed 144128K, reserved 1179648K
  class space    used 19383K, committed 20608K, reserved 1048576K
}
Event: 90.867 GC heap before
{Heap before GC invocations=73 (full 0):
 garbage-first heap   total 286720K, used 243299K [0x0000000080000000, 0x0000000100000000)
  region size 1024K, 77 young (78848K), 6 survivors (6144K)
 Metaspace       used 147462K, committed 150016K, reserved 1179648K
  class space    used 20277K, committed 21504K, reserved 1048576K
}
Event: 90.894 GC heap after
{Heap after GC invocations=74 (full 0):
 garbage-first heap   total 286720K, used 178357K [0x0000000080000000, 0x0000000100000000)
  region size 1024K, 10 young (10240K), 10 survivors (10240K)
 Metaspace       used 147462K, committed 150016K, reserved 1179648K
  class space    used 20277K, committed 21504K, reserved 1048576K
}
Event: 91.804 GC heap before
{Heap before GC invocations=74 (full 0):
 garbage-first heap   total 286720K, used 260277K [0x0000000080000000, 0x0000000100000000)
  region size 1024K, 91 young (93184K), 10 survivors (10240K)
 Metaspace       used 151849K, committed 154368K, reserved 1245184K
  class space    used 20936K, committed 22144K, reserved 1048576K
}
Event: 91.859 GC heap after
{Heap after GC invocations=75 (full 0):
 garbage-first heap   total 286720K, used 185652K [0x0000000080000000, 0x0000000100000000)
  region size 1024K, 12 young (12288K), 12 survivors (12288K)
 Metaspace       used 151849K, committed 154368K, reserved 1245184K
  class space    used 20936K, committed 22144K, reserved 1048576K
}
Event: 92.646 GC heap before
{Heap before GC invocations=75 (full 0):
 garbage-first heap   total 286720K, used 258356K [0x0000000080000000, 0x0000000100000000)
  region size 1024K, 84 young (86016K), 12 survivors (12288K)
 Metaspace       used 156595K, committed 159104K, reserved 1245184K
  class space    used 21811K, committed 23040K, reserved 1048576K
}
Event: 92.686 GC heap after
{Heap after GC invocations=76 (full 0):
 garbage-first heap   total 286720K, used 191467K [0x0000000080000000, 0x0000000100000000)
  region size 1024K, 6 young (6144K), 6 survivors (6144K)
 Metaspace       used 156595K, committed 159104K, reserved 1245184K
  class space    used 21811K, committed 23040K, reserved 1048576K
}
Event: 94.409 GC heap before
{Heap before GC invocations=76 (full 0):
 garbage-first heap   total 321536K, used 262123K [0x0000000080000000, 0x0000000100000000)
  region size 1024K, 75 young (76800K), 6 survivors (6144K)
 Metaspace       used 158030K, committed 160640K, reserved 1245184K
  class space    used 21973K, committed 23232K, reserved 1048576K
}

