# JRE version: OpenJDK Runtime Environment (21.0.8) (build 21.0.8+-14196175-b1038.72)
# Java VM: OpenJDK 64-Bit Server VM (21.0.8+-14196175-b1038.72, mixed mode, tiered, compressed oops, compressed class ptrs, g1 gc, windows-amd64)
GC Precious Log:
 CardTable entry size: 512
 Card Set container configuration: InlinePtr #cards 5 size 8 Array Of Cards #cards 12 size 40 Howl #buckets 4 coarsen threshold 1843 Howl Bitmap #cards 512 size 80 coarsen threshold 460 Card regions per heap region 1 cards per card region 2048
 CPUs: 8 total, 8 available
 Memory: 6086M
 Large Page Support: Disabled
 NUMA Support: Disabled
 Compressed Oops: Enabled (32-bit)
 Heap Region Size: 1M
 Heap Min Capacity: 8M
 Heap Initial Capacity: 96M
 Heap Max Capacity: 2G
 Pre-touch: Disabled
 Parallel Workers: 8
 Concurrent Workers: 2
 Concurrent Refinement Workers: 8
 Periodic GC: Disabled
Heap:
 garbage-first heap   total 88064K, used 68715K [0x0000000080000000, 0x0000000100000000)
  region size 1024K, 29 young (29696K), 4 survivors (4096K)
 Metaspace       used 60131K, committed 61632K, reserved 1114112K
  class space    used 8395K, committed 9088K, reserved 1048576K
GC Heap History (20 events):
Event: 4.007 GC heap before
{Heap before GC invocations=5 (full 0):
 garbage-first heap   total 71680K, used 59084K [0x0000000080000000, 0x0000000100000000)
  region size 1024K, 42 young (43008K), 4 survivors (4096K)
 Metaspace       used 27988K, committed 28416K, reserved 1114112K
  class space    used 3603K, committed 3776K, reserved 1048576K
}
Event: 4.013 GC heap after
{Heap after GC invocations=6 (full 0):
 garbage-first heap   total 71680K, used 22538K [0x0000000080000000, 0x0000000100000000)
  region size 1024K, 3 young (3072K), 3 survivors (3072K)
 Metaspace       used 27988K, committed 28416K, reserved 1114112K
  class space    used 3603K, committed 3776K, reserved 1048576K
}
Event: 4.738 GC heap before
{Heap before GC invocations=6 (full 0):
 garbage-first heap   total 71680K, used 55306K [0x0000000080000000, 0x0000000100000000)
  region size 1024K, 36 young (36864K), 3 survivors (3072K)
 Metaspace       used 32285K, committed 32960K, reserved 1114112K
  class space    used 4377K, committed 4672K, reserved 1048576K
}
Event: 4.745 GC heap after
{Heap after GC invocations=7 (full 0):
 garbage-first heap   total 71680K, used 25225K [0x0000000080000000, 0x0000000100000000)
  region size 1024K, 5 young (5120K), 5 survivors (5120K)
 Metaspace       used 32285K, committed 32960K, reserved 1114112K
  class space    used 4377K, committed 4672K, reserved 1048576K
}
Event: 5.224 GC heap before
{Heap before GC invocations=7 (full 0):
 garbage-first heap   total 71680K, used 44681K [0x0000000080000000, 0x0000000100000000)
  region size 1024K, 25 young (25600K), 5 survivors (5120K)
 Metaspace       used 35180K, committed 35968K, reserved 1114112K
  class space    used 4871K, committed 5248K, reserved 1048576K
}
Event: 5.231 GC heap after
{Heap after GC invocations=8 (full 0):
 garbage-first heap   total 71680K, used 26308K [0x0000000080000000, 0x0000000100000000)
  region size 1024K, 2 young (2048K), 2 survivors (2048K)
 Metaspace       used 35180K, committed 35968K, reserved 1114112K
  class space    used 4871K, committed 5248K, reserved 1048576K
}
Event: 6.206 GC heap before
{Heap before GC invocations=9 (full 0):
 garbage-first heap   total 71680K, used 59076K [0x0000000080000000, 0x0000000100000000)
  region size 1024K, 34 young (34816K), 2 survivors (2048K)
 Metaspace       used 41790K, committed 42624K, reserved 1114112K
  class space    used 5759K, committed 6144K, reserved 1048576K
}
Event: 6.211 GC heap after
{Heap after GC invocations=10 (full 0):
 garbage-first heap   total 71680K, used 29119K [0x0000000080000000, 0x0000000100000000)
  region size 1024K, 4 young (4096K), 4 survivors (4096K)
 Metaspace       used 41790K, committed 42624K, reserved 1114112K
  class space    used 5759K, committed 6144K, reserved 1048576K
}
Event: 6.716 GC heap before
{Heap before GC invocations=10 (full 0):
 garbage-first heap   total 71680K, used 59839K [0x0000000080000000, 0x0000000100000000)
  region size 1024K, 35 young (35840K), 4 survivors (4096K)
 Metaspace       used 44036K, committed 44928K, reserved 1114112K
  class space    used 6006K, committed 6400K, reserved 1048576K
}
Event: 6.723 GC heap after
{Heap after GC invocations=11 (full 0):
 garbage-first heap   total 71680K, used 31796K [0x0000000080000000, 0x0000000100000000)
  region size 1024K, 3 young (3072K), 3 survivors (3072K)
 Metaspace       used 44036K, committed 44928K, reserved 1114112K
  class space    used 6006K, committed 6400K, reserved 1048576K
}
Event: 6.977 GC heap before
{Heap before GC invocations=11 (full 0):
 garbage-first heap   total 71680K, used 44084K [0x0000000080000000, 0x0000000100000000)
  region size 1024K, 13 young (13312K), 3 survivors (3072K)
 Metaspace       used 45074K, committed 46016K, reserved 1114112K
  class space    used 6163K, committed 6592K, reserved 1048576K
}
Event: 6.981 GC heap after
{Heap after GC invocations=12 (full 0):
 garbage-first heap   total 71680K, used 34533K [0x0000000080000000, 0x0000000100000000)
  region size 1024K, 2 young (2048K), 2 survivors (2048K)
 Metaspace       used 45074K, committed 46016K, reserved 1114112K
  class space    used 6163K, committed 6592K, reserved 1048576K
}
Event: 7.644 GC heap before
{Heap before GC invocations=13 (full 0):
 garbage-first heap   total 71680K, used 64229K [0x0000000080000000, 0x0000000100000000)
  region size 1024K, 29 young (29696K), 2 survivors (2048K)
 Metaspace       used 48990K, committed 50112K, reserved 1114112K
  class space    used 6698K, committed 7232K, reserved 1048576K
}
Event: 7.649 GC heap after
{Heap after GC invocations=14 (full 0):
 garbage-first heap   total 71680K, used 34606K [0x0000000080000000, 0x0000000100000000)
  region size 1024K, 4 young (4096K), 4 survivors (4096K)
 Metaspace       used 48990K, committed 50112K, reserved 1114112K
  class space    used 6698K, committed 7232K, reserved 1048576K
}
Event: 8.136 GC heap before
{Heap before GC invocations=14 (full 0):
 garbage-first heap   total 71680K, used 61230K [0x0000000080000000, 0x0000000100000000)
  region size 1024K, 31 young (31744K), 4 survivors (4096K)
 Metaspace       used 52431K, committed 53824K, reserved 1114112K
  class space    used 7270K, committed 7936K, reserved 1048576K
}
Event: 8.142 GC heap after
{Heap after GC invocations=15 (full 0):
 garbage-first heap   total 71680K, used 35703K [0x0000000080000000, 0x0000000100000000)
  region size 1024K, 2 young (2048K), 2 survivors (2048K)
 Metaspace       used 52431K, committed 53824K, reserved 1114112K
  class space    used 7270K, committed 7936K, reserved 1048576K
}
Event: 8.724 GC heap before
{Heap before GC invocations=15 (full 0):
 garbage-first heap   total 71680K, used 63351K [0x0000000080000000, 0x0000000100000000)
  region size 1024K, 29 young (29696K), 2 survivors (2048K)
 Metaspace       used 55561K, committed 57024K, reserved 1114112K
  class space    used 7820K, committed 8512K, reserved 1048576K
}
Event: 8.729 GC heap after
{Heap after GC invocations=16 (full 0):
 garbage-first heap   total 86016K, used 38583K [0x0000000080000000, 0x0000000100000000)
  region size 1024K, 4 young (4096K), 4 survivors (4096K)
 Metaspace       used 55561K, committed 57024K, reserved 1114112K
  class space    used 7820K, committed 8512K, reserved 1048576K
}
Event: 9.384 GC heap before
{Heap before GC invocations=17 (full 0):
 garbage-first heap   total 86016K, used 78519K [0x0000000080000000, 0x0000000100000000)
  region size 1024K, 40 young (40960K), 4 survivors (4096K)
 Metaspace       used 57860K, committed 59328K, reserved 1114112K
  class space    used 8044K, committed 8768K, reserved 1048576K
}
Event: 9.390 GC heap after
{Heap after GC invocations=18 (full 0):
 garbage-first heap   total 88064K, used 44139K [0x0000000080000000, 0x0000000100000000)
  region size 1024K, 4 young (4096K), 4 survivors (4096K)
 Metaspace       used 57860K, committed 59328K, reserved 1114112K
  class space    used 8044K, committed 8768K, reserved 1048576K
}

