# JRE version: OpenJDK Runtime Environment (21.0.8) (build 21.0.8+-14196175-b1038.72)
# Java VM: OpenJDK 64-Bit Server VM (21.0.8+-14196175-b1038.72, mixed mode, tiered, compressed oops, compressed class ptrs, g1 gc, windows-amd64)
GC Precious Log:
 CardTable entry size: 512
 Card Set container configuration: InlinePtr #cards 5 size 8 Array Of Cards #cards 12 size 40 Howl #buckets 4 coarsen threshold 1843 Howl Bitmap #cards 512 size 80 coarsen threshold 460 Card regions per heap region 1 cards per card region 2048
 CPUs: 8 total, 8 available
 Memory: 6086M
 Large Page Support: Disabled
 NUMA Support: Disabled
 Compressed Oops: Enabled (32-bit)
 Heap Region Size: 1M
 Heap Min Capacity: 8M
 Heap Initial Capacity: 96M
 Heap Max Capacity: 2G
 Pre-touch: Disabled
 Parallel Workers: 8
 Concurrent Workers: 2
 Concurrent Refinement Workers: 8
 Periodic GC: Disabled
Heap:
 garbage-first heap   total 158720K, used 111330K [0x0000000080000000, 0x0000000100000000)
  region size 1024K, 13 young (13312K), 6 survivors (6144K)
 Metaspace       used 74525K, committed 76352K, reserved 1114112K
  class space    used 10536K, committed 11392K, reserved 1048576K
GC Heap History (20 events):
Event: 7.571 GC heap before
{Heap before GC invocations=13 (full 0):
 garbage-first heap   total 106496K, used 88392K [0x0000000080000000, 0x0000000100000000)
  region size 1024K, 29 young (29696K), 3 survivors (3072K)
 Metaspace       used 46385K, committed 47296K, reserved 1114112K
  class space    used 6392K, committed 6848K, reserved 1048576K
}
Event: 7.576 GC heap after
{Heap after GC invocations=14 (full 0):
 garbage-first heap   total 106496K, used 66330K [0x0000000080000000, 0x0000000100000000)
  region size 1024K, 4 young (4096K), 4 survivors (4096K)
 Metaspace       used 46385K, committed 47296K, reserved 1114112K
  class space    used 6392K, committed 6848K, reserved 1048576K
}
Event: 8.024 GC heap before
{Heap before GC invocations=14 (full 0):
 garbage-first heap   total 106496K, used 98074K [0x0000000080000000, 0x0000000100000000)
  region size 1024K, 31 young (31744K), 4 survivors (4096K)
 Metaspace       used 49157K, committed 50240K, reserved 1114112K
  class space    used 6690K, committed 7168K, reserved 1048576K
}
Event: 8.028 GC heap after
{Heap after GC invocations=15 (full 0):
 garbage-first heap   total 106496K, used 67909K [0x0000000080000000, 0x0000000100000000)
  region size 1024K, 3 young (3072K), 3 survivors (3072K)
 Metaspace       used 49157K, committed 50240K, reserved 1114112K
  class space    used 6690K, committed 7168K, reserved 1048576K
}
Event: 8.489 GC heap before
{Heap before GC invocations=15 (full 0):
 garbage-first heap   total 106496K, used 95557K [0x0000000080000000, 0x0000000100000000)
  region size 1024K, 30 young (30720K), 3 survivors (3072K)
 Metaspace       used 52316K, committed 53632K, reserved 1114112K
  class space    used 7227K, committed 7808K, reserved 1048576K
}
Event: 8.493 GC heap after
{Heap after GC invocations=16 (full 0):
 garbage-first heap   total 106496K, used 69593K [0x0000000080000000, 0x0000000100000000)
  region size 1024K, 2 young (2048K), 2 survivors (2048K)
 Metaspace       used 52316K, committed 53632K, reserved 1114112K
  class space    used 7227K, committed 7808K, reserved 1048576K
}
Event: 8.892 GC heap before
{Heap before GC invocations=17 (full 0):
 garbage-first heap   total 117760K, used 96217K [0x0000000080000000, 0x0000000100000000)
  region size 1024K, 28 young (28672K), 2 survivors (2048K)
 Metaspace       used 55504K, committed 56960K, reserved 1114112K
  class space    used 7795K, committed 8512K, reserved 1048576K
}
Event: 8.895 GC heap after
{Heap after GC invocations=18 (full 0):
 garbage-first heap   total 117760K, used 70936K [0x0000000080000000, 0x0000000100000000)
  region size 1024K, 3 young (3072K), 3 survivors (3072K)
 Metaspace       used 55504K, committed 56960K, reserved 1114112K
  class space    used 7795K, committed 8512K, reserved 1048576K
}
Event: 9.512 GC heap before
{Heap before GC invocations=18 (full 0):
 garbage-first heap   total 117760K, used 114968K [0x0000000080000000, 0x0000000100000000)
  region size 1024K, 38 young (38912K), 3 survivors (3072K)
 Metaspace       used 57844K, committed 59328K, reserved 1114112K
  class space    used 8175K, committed 8896K, reserved 1048576K
}
Event: 9.520 GC heap after
{Heap after GC invocations=19 (full 0):
 garbage-first heap   total 125952K, used 85405K [0x0000000080000000, 0x0000000100000000)
  region size 1024K, 5 young (5120K), 5 survivors (5120K)
 Metaspace       used 57844K, committed 59328K, reserved 1114112K
  class space    used 8175K, committed 8896K, reserved 1048576K
}
Event: 9.580 GC heap before
{Heap before GC invocations=19 (full 0):
 garbage-first heap   total 125952K, used 89501K [0x0000000080000000, 0x0000000100000000)
  region size 1024K, 10 young (10240K), 5 survivors (5120K)
 Metaspace       used 58009K, committed 59520K, reserved 1114112K
  class space    used 8206K, committed 8960K, reserved 1048576K
}
Event: 9.585 GC heap after
{Heap after GC invocations=20 (full 0):
 garbage-first heap   total 151552K, used 87105K [0x0000000080000000, 0x0000000100000000)
  region size 1024K, 2 young (2048K), 2 survivors (2048K)
 Metaspace       used 58009K, committed 59520K, reserved 1114112K
  class space    used 8206K, committed 8960K, reserved 1048576K
}
Event: 10.038 GC heap before
{Heap before GC invocations=21 (full 0):
 garbage-first heap   total 158720K, used 141377K [0x0000000080000000, 0x0000000100000000)
  region size 1024K, 47 young (48128K), 2 survivors (2048K)
 Metaspace       used 61169K, committed 62784K, reserved 1114112K
  class space    used 8559K, committed 9344K, reserved 1048576K
}
Event: 10.042 GC heap after
{Heap after GC invocations=22 (full 0):
 garbage-first heap   total 158720K, used 96133K [0x0000000080000000, 0x0000000100000000)
  region size 1024K, 3 young (3072K), 3 survivors (3072K)
 Metaspace       used 61169K, committed 62784K, reserved 1114112K
  class space    used 8559K, committed 9344K, reserved 1048576K
}
Event: 10.889 GC heap before
{Heap before GC invocations=22 (full 0):
 garbage-first heap   total 158720K, used 143237K [0x0000000080000000, 0x0000000100000000)
  region size 1024K, 49 young (50176K), 3 survivors (3072K)
 Metaspace       used 67791K, committed 69440K, reserved 1114112K
  class space    used 9522K, committed 10304K, reserved 1048576K
}
Event: 10.894 GC heap after
{Heap after GC invocations=23 (full 0):
 garbage-first heap   total 158720K, used 97487K [0x0000000080000000, 0x0000000100000000)
  region size 1024K, 5 young (5120K), 5 survivors (5120K)
 Metaspace       used 67791K, committed 69440K, reserved 1114112K
  class space    used 9522K, committed 10304K, reserved 1048576K
}
Event: 11.604 GC heap before
{Heap before GC invocations=23 (full 0):
 garbage-first heap   total 158720K, used 143567K [0x0000000080000000, 0x0000000100000000)
  region size 1024K, 50 young (51200K), 5 survivors (5120K)
 Metaspace       used 72419K, committed 74176K, reserved 1114112K
  class space    used 10289K, committed 11136K, reserved 1048576K
}
Event: 11.611 GC heap after
{Heap after GC invocations=24 (full 0):
 garbage-first heap   total 158720K, used 100927K [0x0000000080000000, 0x0000000100000000)
  region size 1024K, 6 young (6144K), 6 survivors (6144K)
 Metaspace       used 72419K, committed 74176K, reserved 1114112K
  class space    used 10289K, committed 11136K, reserved 1048576K
}
Event: 12.457 GC heap before
{Heap before GC invocations=24 (full 0):
 garbage-first heap   total 158720K, used 141887K [0x0000000080000000, 0x0000000100000000)
  region size 1024K, 47 young (48128K), 6 survivors (6144K)
 Metaspace       used 74482K, committed 76224K, reserved 1114112K
  class space    used 10536K, committed 11392K, reserved 1048576K
}
Event: 12.466 GC heap after
{Heap after GC invocations=25 (full 0):
 garbage-first heap   total 158720K, used 106210K [0x0000000080000000, 0x0000000100000000)
  region size 1024K, 6 young (6144K), 6 survivors (6144K)
 Metaspace       used 74482K, committed 76224K, reserved 1114112K
  class space    used 10536K, committed 11392K, reserved 1048576K
}

