# JRE version: OpenJDK Runtime Environment (21.0.8) (build 21.0.8+-14196175-b1038.72)
# Java VM: OpenJDK 64-Bit Server VM (21.0.8+-14196175-b1038.72, mixed mode, tiered, compressed oops, compressed class ptrs, g1 gc, windows-amd64)
GC Precious Log:
 CardTable entry size: 512
 Card Set container configuration: InlinePtr #cards 5 size 8 Array Of Cards #cards 12 size 40 Howl #buckets 4 coarsen threshold 1843 Howl Bitmap #cards 512 size 80 coarsen threshold 460 Card regions per heap region 1 cards per card region 2048
 CPUs: 8 total, 8 available
 Memory: 6086M
 Large Page Support: Disabled
 NUMA Support: Disabled
 Compressed Oops: Enabled (32-bit)
 Heap Region Size: 1M
 Heap Min Capacity: 8M
 Heap Initial Capacity: 96M
 Heap Max Capacity: 2G
 Pre-touch: Disabled
 Parallel Workers: 8
 Concurrent Workers: 2
 Concurrent Refinement Workers: 8
 Periodic GC: Disabled
Heap:
 garbage-first heap   total 365568K, used 256818K [0x0000000080000000, 0x0000000100000000)
  region size 1024K, 22 young (22528K), 8 survivors (8192K)
 Metaspace       used 147158K, committed 149824K, reserved 1179648K
  class space    used 20383K, committed 21696K, reserved 1048576K
GC Heap History (20 events):
Event: 34.136 GC heap before
{Heap before GC invocations=49 (full 0):
 garbage-first heap   total 295936K, used 265300K [0x0000000080000000, 0x0000000100000000)
  region size 1024K, 94 young (96256K), 8 survivors (8192K)
 Metaspace       used 122906K, committed 125248K, reserved 1179648K
  class space    used 17355K, committed 18496K, reserved 1048576K
}
Event: 34.145 GC heap after
{Heap after GC invocations=50 (full 0):
 garbage-first heap   total 295936K, used 180043K [0x0000000080000000, 0x0000000100000000)
  region size 1024K, 9 young (9216K), 9 survivors (9216K)
 Metaspace       used 122906K, committed 125248K, reserved 1179648K
  class space    used 17355K, committed 18496K, reserved 1048576K
}
Event: 38.762 GC heap before
{Heap before GC invocations=50 (full 0):
 garbage-first heap   total 295936K, used 274251K [0x0000000080000000, 0x0000000100000000)
  region size 1024K, 97 young (99328K), 9 survivors (9216K)
 Metaspace       used 129852K, committed 132288K, reserved 1179648K
  class space    used 18122K, committed 19328K, reserved 1048576K
}
Event: 38.780 GC heap after
{Heap after GC invocations=51 (full 0):
 garbage-first heap   total 295936K, used 187156K [0x0000000080000000, 0x0000000100000000)
  region size 1024K, 13 young (13312K), 13 survivors (13312K)
 Metaspace       used 129852K, committed 132288K, reserved 1179648K
  class space    used 18122K, committed 19328K, reserved 1048576K
}
Event: 41.211 GC heap before
{Heap before GC invocations=51 (full 0):
 garbage-first heap   total 295936K, used 267028K [0x0000000080000000, 0x0000000100000000)
  region size 1024K, 91 young (93184K), 13 survivors (13312K)
 Metaspace       used 130248K, committed 132672K, reserved 1179648K
  class space    used 18148K, committed 19328K, reserved 1048576K
}
Event: 41.225 GC heap after
{Heap after GC invocations=52 (full 0):
 garbage-first heap   total 295936K, used 193023K [0x0000000080000000, 0x0000000100000000)
  region size 1024K, 8 young (8192K), 8 survivors (8192K)
 Metaspace       used 130248K, committed 132672K, reserved 1179648K
  class space    used 18148K, committed 19328K, reserved 1048576K
}
Event: 47.188 GC heap before
{Heap before GC invocations=53 (full 0):
 garbage-first heap   total 322560K, used 268799K [0x0000000080000000, 0x0000000100000000)
  region size 1024K, 83 young (84992K), 8 survivors (8192K)
 Metaspace       used 136089K, committed 138560K, reserved 1179648K
  class space    used 18922K, committed 20096K, reserved 1048576K
}
Event: 47.217 GC heap after
{Heap after GC invocations=54 (full 0):
 garbage-first heap   total 322560K, used 199311K [0x0000000080000000, 0x0000000100000000)
  region size 1024K, 9 young (9216K), 9 survivors (9216K)
 Metaspace       used 136089K, committed 138560K, reserved 1179648K
  class space    used 18922K, committed 20096K, reserved 1048576K
}
Event: 50.324 GC heap before
{Heap before GC invocations=54 (full 0):
 garbage-first heap   total 322560K, used 295567K [0x0000000080000000, 0x0000000100000000)
  region size 1024K, 103 young (105472K), 9 survivors (9216K)
 Metaspace       used 138311K, committed 140800K, reserved 1179648K
  class space    used 19195K, committed 20416K, reserved 1048576K
}
Event: 50.388 GC heap after
{Heap after GC invocations=55 (full 0):
 garbage-first heap   total 322560K, used 206640K [0x0000000080000000, 0x0000000100000000)
  region size 1024K, 11 young (11264K), 11 survivors (11264K)
 Metaspace       used 138311K, committed 140800K, reserved 1179648K
  class space    used 19195K, committed 20416K, reserved 1048576K
}
Event: 85.366 GC heap before
{Heap before GC invocations=55 (full 0):
 garbage-first heap   total 322560K, used 293680K [0x0000000080000000, 0x0000000100000000)
  region size 1024K, 96 young (98304K), 11 survivors (11264K)
 Metaspace       used 142518K, committed 145088K, reserved 1179648K
  class space    used 19731K, committed 20992K, reserved 1048576K
}
Event: 85.454 GC heap after
{Heap after GC invocations=56 (full 0):
 garbage-first heap   total 322560K, used 210081K [0x0000000080000000, 0x0000000100000000)
  region size 1024K, 8 young (8192K), 8 survivors (8192K)
 Metaspace       used 142518K, committed 145088K, reserved 1179648K
  class space    used 19731K, committed 20992K, reserved 1048576K
}
Event: 89.512 GC heap before
{Heap before GC invocations=56 (full 0):
 garbage-first heap   total 322560K, used 296097K [0x0000000080000000, 0x0000000100000000)
  region size 1024K, 92 young (94208K), 8 survivors (8192K)
 Metaspace       used 144742K, committed 147328K, reserved 1179648K
  class space    used 20006K, committed 21248K, reserved 1048576K
}
Event: 89.569 GC heap after
{Heap after GC invocations=57 (full 0):
 garbage-first heap   total 322560K, used 218913K [0x0000000080000000, 0x0000000100000000)
  region size 1024K, 9 young (9216K), 9 survivors (9216K)
 Metaspace       used 144742K, committed 147328K, reserved 1179648K
  class space    used 20006K, committed 21248K, reserved 1048576K
}
Event: 93.115 GC heap before
{Heap before GC invocations=58 (full 0):
 garbage-first heap   total 365568K, used 293665K [0x0000000080000000, 0x0000000100000000)
  region size 1024K, 82 young (83968K), 9 survivors (9216K)
 Metaspace       used 145931K, committed 148544K, reserved 1179648K
  class space    used 20197K, committed 21440K, reserved 1048576K
}
Event: 93.164 GC heap after
{Heap after GC invocations=59 (full 0):
 garbage-first heap   total 365568K, used 230748K [0x0000000080000000, 0x0000000100000000)
  region size 1024K, 11 young (11264K), 11 survivors (11264K)
 Metaspace       used 145931K, committed 148544K, reserved 1179648K
  class space    used 20197K, committed 21440K, reserved 1048576K
}
Event: 96.221 GC heap before
{Heap before GC invocations=59 (full 0):
 garbage-first heap   total 365568K, used 333148K [0x0000000080000000, 0x0000000100000000)
  region size 1024K, 112 young (114688K), 11 survivors (11264K)
 Metaspace       used 146908K, committed 149504K, reserved 1179648K
  class space    used 20354K, committed 21632K, reserved 1048576K
}
Event: 96.271 GC heap after
{Heap after GC invocations=60 (full 0):
 garbage-first heap   total 365568K, used 239002K [0x0000000080000000, 0x0000000100000000)
  region size 1024K, 11 young (11264K), 11 survivors (11264K)
 Metaspace       used 146908K, committed 149504K, reserved 1179648K
  class space    used 20354K, committed 21632K, reserved 1048576K
}
Event: 99.396 GC heap before
{Heap before GC invocations=60 (full 0):
 garbage-first heap   total 365568K, used 333210K [0x0000000080000000, 0x0000000100000000)
  region size 1024K, 104 young (106496K), 11 survivors (11264K)
 Metaspace       used 147012K, committed 149632K, reserved 1179648K
  class space    used 20363K, committed 21632K, reserved 1048576K
}
Event: 99.414 GC heap after
{Heap after GC invocations=61 (full 0):
 garbage-first heap   total 365568K, used 243506K [0x0000000080000000, 0x0000000100000000)
  region size 1024K, 8 young (8192K), 8 survivors (8192K)
 Metaspace       used 147012K, committed 149632K, reserved 1179648K
  class space    used 20363K, committed 21632K, reserved 1048576K
}

