# JRE version: OpenJDK Runtime Environment (21.0.8) (build 21.0.8+-14196175-b1038.72)
# Java VM: OpenJDK 64-Bit Server VM (21.0.8+-14196175-b1038.72, mixed mode, tiered, compressed oops, compressed class ptrs, g1 gc, windows-amd64)
GC Precious Log:
 CardTable entry size: 512
 Card Set container configuration: InlinePtr #cards 5 size 8 Array Of Cards #cards 12 size 40 Howl #buckets 4 coarsen threshold 1843 Howl Bitmap #cards 512 size 80 coarsen threshold 460 Card regions per heap region 1 cards per card region 2048
 CPUs: 8 total, 8 available
 Memory: 6086M
 Large Page Support: Disabled
 NUMA Support: Disabled
 Compressed Oops: Enabled (32-bit)
 Heap Region Size: 1M
 Heap Min Capacity: 8M
 Heap Initial Capacity: 96M
 Heap Max Capacity: 2G
 Pre-touch: Disabled
 Parallel Workers: 8
 Concurrent Workers: 2
 Concurrent Refinement Workers: 8
 Periodic GC: Disabled
Heap:
 garbage-first heap   total 197632K, used 143640K [0x0000000080000000, 0x0000000100000000)
  region size 1024K, 9 young (9216K), 4 survivors (4096K)
 Metaspace       used 90484K, committed 92480K, reserved 1179648K
  class space    used 12650K, committed 13632K, reserved 1048576K
GC Heap History (20 events):
Event: 14.612 GC heap before
{Heap before GC invocations=28 (full 0):
 garbage-first heap   total 169984K, used 105376K [0x0000000080000000, 0x0000000100000000)
  region size 1024K, 13 young (13312K), 2 survivors (2048K)
 Metaspace       used 65125K, committed 66688K, reserved 1114112K
  class space    used 9193K, committed 9920K, reserved 1048576K
}
Event: 14.615 GC heap after
{Heap after GC invocations=29 (full 0):
 garbage-first heap   total 169984K, used 96289K [0x0000000080000000, 0x0000000100000000)
  region size 1024K, 3 young (3072K), 3 survivors (3072K)
 Metaspace       used 65125K, committed 66688K, reserved 1114112K
  class space    used 9193K, committed 9920K, reserved 1048576K
}
Event: 15.339 GC heap before
{Heap before GC invocations=30 (full 0):
 garbage-first heap   total 174080K, used 157729K [0x0000000080000000, 0x0000000100000000)
  region size 1024K, 55 young (56320K), 3 survivors (3072K)
 Metaspace       used 69219K, committed 70912K, reserved 1114112K
  class space    used 9667K, committed 10496K, reserved 1048576K
}
Event: 15.344 GC heap after
{Heap after GC invocations=31 (full 0):
 garbage-first heap   total 174080K, used 105736K [0x0000000080000000, 0x0000000100000000)
  region size 1024K, 5 young (5120K), 5 survivors (5120K)
 Metaspace       used 69219K, committed 70912K, reserved 1114112K
  class space    used 9667K, committed 10496K, reserved 1048576K
}
Event: 16.369 GC heap before
{Heap before GC invocations=31 (full 0):
 garbage-first heap   total 174080K, used 156936K [0x0000000080000000, 0x0000000100000000)
  region size 1024K, 55 young (56320K), 5 survivors (5120K)
 Metaspace       used 76037K, committed 77696K, reserved 1179648K
  class space    used 10690K, committed 11520K, reserved 1048576K
}
Event: 16.379 GC heap after
{Heap after GC invocations=32 (full 0):
 garbage-first heap   total 174080K, used 107697K [0x0000000080000000, 0x0000000100000000)
  region size 1024K, 6 young (6144K), 6 survivors (6144K)
 Metaspace       used 76037K, committed 77696K, reserved 1179648K
  class space    used 10690K, committed 11520K, reserved 1048576K
}
Event: 18.761 GC heap before
{Heap before GC invocations=32 (full 0):
 garbage-first heap   total 174080K, used 157873K [0x0000000080000000, 0x0000000100000000)
  region size 1024K, 55 young (56320K), 6 survivors (6144K)
 Metaspace       used 80921K, committed 82752K, reserved 1179648K
  class space    used 11478K, committed 12352K, reserved 1048576K
}
Event: 18.773 GC heap after
{Heap after GC invocations=33 (full 0):
 garbage-first heap   total 174080K, used 111450K [0x0000000080000000, 0x0000000100000000)
  region size 1024K, 7 young (7168K), 7 survivors (7168K)
 Metaspace       used 80921K, committed 82752K, reserved 1179648K
  class space    used 11478K, committed 12352K, reserved 1048576K
}
Event: 21.646 GC heap before
{Heap before GC invocations=34 (full 0):
 garbage-first heap   total 186368K, used 155482K [0x0000000080000000, 0x0000000100000000)
  region size 1024K, 51 young (52224K), 7 survivors (7168K)
 Metaspace       used 81604K, committed 83392K, reserved 1179648K
  class space    used 11502K, committed 12352K, reserved 1048576K
}
Event: 21.656 GC heap after
{Heap after GC invocations=35 (full 0):
 garbage-first heap   total 186368K, used 115411K [0x0000000080000000, 0x0000000100000000)
  region size 1024K, 7 young (7168K), 7 survivors (7168K)
 Metaspace       used 81604K, committed 83392K, reserved 1179648K
  class space    used 11502K, committed 12352K, reserved 1048576K
}
Event: 22.908 GC heap before
{Heap before GC invocations=35 (full 0):
 garbage-first heap   total 186368K, used 167635K [0x0000000080000000, 0x0000000100000000)
  region size 1024K, 59 young (60416K), 7 survivors (7168K)
 Metaspace       used 81814K, committed 83584K, reserved 1179648K
  class space    used 11502K, committed 12352K, reserved 1048576K
}
Event: 22.916 GC heap after
{Heap after GC invocations=36 (full 0):
 garbage-first heap   total 186368K, used 116037K [0x0000000080000000, 0x0000000100000000)
  region size 1024K, 5 young (5120K), 5 survivors (5120K)
 Metaspace       used 81814K, committed 83584K, reserved 1179648K
  class space    used 11502K, committed 12352K, reserved 1048576K
}
Event: 24.102 GC heap before
{Heap before GC invocations=36 (full 0):
 garbage-first heap   total 186368K, used 169285K [0x0000000080000000, 0x0000000100000000)
  region size 1024K, 58 young (59392K), 5 survivors (5120K)
 Metaspace       used 81823K, committed 83648K, reserved 1179648K
  class space    used 11503K, committed 12416K, reserved 1048576K
}
Event: 24.107 GC heap after
{Heap after GC invocations=37 (full 0):
 garbage-first heap   total 186368K, used 116689K [0x0000000080000000, 0x0000000100000000)
  region size 1024K, 5 young (5120K), 5 survivors (5120K)
 Metaspace       used 81823K, committed 83648K, reserved 1179648K
  class space    used 11503K, committed 12416K, reserved 1048576K
}
Event: 26.450 GC heap before
{Heap before GC invocations=38 (full 0):
 garbage-first heap   total 194560K, used 183249K [0x0000000080000000, 0x0000000100000000)
  region size 1024K, 58 young (59392K), 5 survivors (5120K)
 Metaspace       used 82286K, committed 84032K, reserved 1179648K
  class space    used 11557K, committed 12416K, reserved 1048576K
}
Event: 26.457 GC heap after
{Heap after GC invocations=39 (full 0):
 garbage-first heap   total 197632K, used 136513K [0x0000000080000000, 0x0000000100000000)
  region size 1024K, 8 young (8192K), 8 survivors (8192K)
 Metaspace       used 82286K, committed 84032K, reserved 1179648K
  class space    used 11557K, committed 12416K, reserved 1048576K
}
Event: 27.406 GC heap before
{Heap before GC invocations=39 (full 0):
 garbage-first heap   total 197632K, used 177473K [0x0000000080000000, 0x0000000100000000)
  region size 1024K, 48 young (49152K), 8 survivors (8192K)
 Metaspace       used 85575K, committed 87424K, reserved 1179648K
  class space    used 11974K, committed 12864K, reserved 1048576K
}
Event: 27.413 GC heap after
{Heap after GC invocations=40 (full 0):
 garbage-first heap   total 197632K, used 138551K [0x0000000080000000, 0x0000000100000000)
  region size 1024K, 3 young (3072K), 3 survivors (3072K)
 Metaspace       used 85575K, committed 87424K, reserved 1179648K
  class space    used 11974K, committed 12864K, reserved 1048576K
}
Event: 28.174 GC heap before
{Heap before GC invocations=40 (full 0):
 garbage-first heap   total 197632K, used 180535K [0x0000000080000000, 0x0000000100000000)
  region size 1024K, 44 young (45056K), 3 survivors (3072K)
 Metaspace       used 90075K, committed 91968K, reserved 1179648K
  class space    used 12591K, committed 13504K, reserved 1048576K
}
Event: 28.178 GC heap after
{Heap after GC invocations=41 (full 0):
 garbage-first heap   total 197632K, used 139544K [0x0000000080000000, 0x0000000100000000)
  region size 1024K, 4 young (4096K), 4 survivors (4096K)
 Metaspace       used 90075K, committed 91968K, reserved 1179648K
  class space    used 12591K, committed 13504K, reserved 1048576K
}

