# JRE version: OpenJDK Runtime Environment (21.0.8) (build 21.0.8+-14196175-b1038.72)
# Java VM: OpenJDK 64-Bit Server VM (21.0.8+-14196175-b1038.72, mixed mode, tiered, compressed oops, compressed class ptrs, g1 gc, windows-amd64)
GC Precious Log:
 CardTable entry size: 512
 Card Set container configuration: InlinePtr #cards 5 size 8 Array Of Cards #cards 12 size 40 Howl #buckets 4 coarsen threshold 1843 Howl Bitmap #cards 512 size 80 coarsen threshold 460 Card regions per heap region 1 cards per card region 2048
 CPUs: 8 total, 8 available
 Memory: 6086M
 Large Page Support: Disabled
 NUMA Support: Disabled
 Compressed Oops: Enabled (32-bit)
 Heap Region Size: 1M
 Heap Min Capacity: 8M
 Heap Initial Capacity: 96M
 Heap Max Capacity: 1522M
 Pre-touch: Disabled
 Parallel Workers: 8
 Concurrent Workers: 2
 Concurrent Refinement Workers: 8
 Periodic GC: Disabled
Heap:
 garbage-first heap   total 290816K, used 208775K [0x00000000a0e00000, 0x0000000100000000)
  region size 1024K, 87 young (89088K), 14 survivors (14336K)
 Metaspace       used 74783K, committed 75136K, reserved 1179648K
  class space    used 8038K, committed 8192K, reserved 1048576K
GC Heap History (20 events):
Event: 7.484 GC heap before
{Heap before GC invocations=17 (full 0):
 garbage-first heap   total 73728K, used 60690K [0x00000000a0e00000, 0x0000000100000000)
  region size 1024K, 20 young (20480K), 4 survivors (4096K)
 Metaspace       used 50400K, committed 50688K, reserved 1114112K
  class space    used 5885K, committed 6016K, reserved 1048576K
}
Event: 7.499 GC heap after
{Heap after GC invocations=18 (full 0):
 garbage-first heap   total 73728K, used 50567K [0x00000000a0e00000, 0x0000000100000000)
  region size 1024K, 3 young (3072K), 3 survivors (3072K)
 Metaspace       used 50400K, committed 50688K, reserved 1114112K
  class space    used 5885K, committed 6016K, reserved 1048576K
}
Event: 7.683 GC heap before
{Heap before GC invocations=19 (full 0):
 garbage-first heap   total 86016K, used 62855K [0x00000000a0e00000, 0x0000000100000000)
  region size 1024K, 15 young (15360K), 3 survivors (3072K)
 Metaspace       used 50559K, committed 50816K, reserved 1114112K
  class space    used 5892K, committed 6016K, reserved 1048576K
}
Event: 7.698 GC heap after
{Heap after GC invocations=20 (full 0):
 garbage-first heap   total 86016K, used 54151K [0x00000000a0e00000, 0x0000000100000000)
  region size 1024K, 2 young (2048K), 2 survivors (2048K)
 Metaspace       used 50559K, committed 50816K, reserved 1114112K
  class space    used 5892K, committed 6016K, reserved 1048576K
}
Event: 7.860 GC heap before
{Heap before GC invocations=20 (full 0):
 garbage-first heap   total 86016K, used 71559K [0x00000000a0e00000, 0x0000000100000000)
  region size 1024K, 20 young (20480K), 2 survivors (2048K)
 Metaspace       used 50601K, committed 50880K, reserved 1114112K
  class space    used 5892K, committed 6016K, reserved 1048576K
}
Event: 7.874 GC heap after
{Heap after GC invocations=21 (full 0):
 garbage-first heap   total 166912K, used 60231K [0x00000000a0e00000, 0x0000000100000000)
  region size 1024K, 3 young (3072K), 3 survivors (3072K)
 Metaspace       used 50601K, committed 50880K, reserved 1114112K
  class space    used 5892K, committed 6016K, reserved 1048576K
}
Event: 8.222 GC heap before
{Heap before GC invocations=21 (full 0):
 garbage-first heap   total 166912K, used 127815K [0x00000000a0e00000, 0x0000000100000000)
  region size 1024K, 69 young (70656K), 3 survivors (3072K)
 Metaspace       used 50614K, committed 50880K, reserved 1114112K
  class space    used 5892K, committed 6016K, reserved 1048576K
}
Event: 8.275 GC heap after
{Heap after GC invocations=22 (full 0):
 garbage-first heap   total 166912K, used 74119K [0x00000000a0e00000, 0x0000000100000000)
  region size 1024K, 9 young (9216K), 9 survivors (9216K)
 Metaspace       used 50614K, committed 50880K, reserved 1114112K
  class space    used 5892K, committed 6016K, reserved 1048576K
}
Event: 8.607 GC heap before
{Heap before GC invocations=22 (full 0):
 garbage-first heap   total 166912K, used 126343K [0x00000000a0e00000, 0x0000000100000000)
  region size 1024K, 60 young (61440K), 9 survivors (9216K)
 Metaspace       used 50614K, committed 50880K, reserved 1114112K
  class space    used 5892K, committed 6016K, reserved 1048576K
}
Event: 8.628 GC heap after
{Heap after GC invocations=23 (full 0):
 garbage-first heap   total 166912K, used 84871K [0x00000000a0e00000, 0x0000000100000000)
  region size 1024K, 8 young (8192K), 8 survivors (8192K)
 Metaspace       used 50614K, committed 50880K, reserved 1114112K
  class space    used 5892K, committed 6016K, reserved 1048576K
}
Event: 10.243 GC heap before
{Heap before GC invocations=23 (full 0):
 garbage-first heap   total 166912K, used 134023K [0x00000000a0e00000, 0x0000000100000000)
  region size 1024K, 56 young (57344K), 8 survivors (8192K)
 Metaspace       used 55481K, committed 55808K, reserved 1114112K
  class space    used 6482K, committed 6656K, reserved 1048576K
}
Event: 10.270 GC heap after
{Heap after GC invocations=24 (full 0):
 garbage-first heap   total 166912K, used 93575K [0x00000000a0e00000, 0x0000000100000000)
  region size 1024K, 7 young (7168K), 7 survivors (7168K)
 Metaspace       used 55481K, committed 55808K, reserved 1114112K
  class space    used 6482K, committed 6656K, reserved 1048576K
}
Event: 11.841 GC heap before
{Heap before GC invocations=25 (full 0):
 garbage-first heap   total 166912K, used 139655K [0x00000000a0e00000, 0x0000000100000000)
  region size 1024K, 52 young (53248K), 7 survivors (7168K)
 Metaspace       used 57448K, committed 57792K, reserved 1114112K
  class space    used 6618K, committed 6784K, reserved 1048576K
}
Event: 11.877 GC heap after
{Heap after GC invocations=26 (full 0):
 garbage-first heap   total 166912K, used 103815K [0x00000000a0e00000, 0x0000000100000000)
  region size 1024K, 7 young (7168K), 7 survivors (7168K)
 Metaspace       used 57448K, committed 57792K, reserved 1114112K
  class space    used 6618K, committed 6784K, reserved 1048576K
}
Event: 13.083 GC heap before
{Heap before GC invocations=26 (full 0):
 garbage-first heap   total 166912K, used 143751K [0x00000000a0e00000, 0x0000000100000000)
  region size 1024K, 46 young (47104K), 7 survivors (7168K)
 Metaspace       used 58153K, committed 58432K, reserved 1114112K
  class space    used 6643K, committed 6784K, reserved 1048576K
}
Event: 13.114 GC heap after
{Heap after GC invocations=27 (full 0):
 garbage-first heap   total 290816K, used 108935K [0x00000000a0e00000, 0x0000000100000000)
  region size 1024K, 6 young (6144K), 6 survivors (6144K)
 Metaspace       used 58153K, committed 58432K, reserved 1114112K
  class space    used 6643K, committed 6784K, reserved 1048576K
}
Event: 18.327 GC heap before
{Heap before GC invocations=27 (full 0):
 garbage-first heap   total 290816K, used 227719K [0x00000000a0e00000, 0x0000000100000000)
  region size 1024K, 122 young (124928K), 6 survivors (6144K)
 Metaspace       used 62962K, committed 63232K, reserved 1114112K
  class space    used 7003K, committed 7168K, reserved 1048576K
}
Event: 18.349 GC heap after
{Heap after GC invocations=28 (full 0):
 garbage-first heap   total 290816K, used 121010K [0x00000000a0e00000, 0x0000000100000000)
  region size 1024K, 16 young (16384K), 16 survivors (16384K)
 Metaspace       used 62962K, committed 63232K, reserved 1114112K
  class space    used 7003K, committed 7168K, reserved 1048576K
}
Event: 20.390 GC heap before
{Heap before GC invocations=28 (full 0):
 garbage-first heap   total 290816K, used 190642K [0x00000000a0e00000, 0x0000000100000000)
  region size 1024K, 85 young (87040K), 16 survivors (16384K)
 Metaspace       used 69743K, committed 70080K, reserved 1114112K
  class space    used 7635K, committed 7808K, reserved 1048576K
}
Event: 20.434 GC heap after
{Heap after GC invocations=29 (full 0):
 garbage-first heap   total 290816K, used 136071K [0x00000000a0e00000, 0x0000000100000000)
  region size 1024K, 14 young (14336K), 14 survivors (14336K)
 Metaspace       used 69743K, committed 70080K, reserved 1114112K
  class space    used 7635K, committed 7808K, reserved 1048576K
}

